<?xml version="1.0" encoding="UTF-8"?>
<!-- Generated by org.testng.reporters.JUnitReportReporter -->
<testsuite hostname="DESKTOP-24CC5IF" failures="0" tests="4" name="TestModuels.PackageTest" time="18.366" errors="0" timestamp="2023-04-27T01:41:07 EET" skipped="0">
  <testcase classname="TestModuels.PackageTest" name="validateContryCurrency" time="3.825"/>
  <system-out/>
  <testcase classname="TestModuels.PackageTest" name="validateEgyptLitePackage" time="4.122"/>
  <system-out/>
  <testcase classname="TestModuels.PackageTest" name="ValidateEgyptClassicPackage" time="3.851"/>
  <system-out/>
  <testcase classname="TestModuels.PackageTest" name="ValidateEgyptPremiumPackage" time="6.568"/>
  <system-out/>
</testsuite> <!-- TestModuels.PackageTest -->
