<?xml version="1.0" encoding="UTF-8"?>
<!-- Generated by org.testng.reporters.JUnitReportReporter -->
<testsuite hostname="DESKTOP-FNC5L9O" failures="0" tests="1" name="com.crm.qa.AdminTestCases.HandoffHistoryPages" time="34.533" errors="0" timestamp="2021-12-24T21:46:38 EET" skipped="0">
  <testcase classname="com.crm.qa.AdminTestCases.HandoffHistoryPages" name="ConvertionRate_ViewChatBotHistory_Check" time="34.533"/>
  <system-out/>
</testsuite> <!-- com.crm.qa.AdminTestCases.HandoffHistoryPages -->
