<?xml version="1.0" encoding="UTF-8"?>
<!-- Generated by org.testng.reporters.JUnitReportReporter -->
<testsuite hostname="DESKTOP-FNC5L9O" failures="0" tests="5" name="com.crm.qa.AdminTestCases.ChannelReports" time="138.782" errors="0" timestamp="2021-12-23T08:28:13 EET" skipped="0">
  <testcase classname="com.crm.qa.AdminTestCases.ChannelReports" name="CheckChannelReports_Channel" time="27.583"/>
  <system-out/>
  <testcase classname="com.crm.qa.AdminTestCases.ChannelReports" name="CheckChannelReports_Requested" time="27.570"/>
  <system-out/>
  <testcase classname="com.crm.qa.AdminTestCases.ChannelReports" name="CheckChannelReports_Offered" time="28.057"/>
  <system-out/>
  <testcase classname="com.crm.qa.AdminTestCases.ChannelReports" name="CheckChannelReports_Queued" time="28.358"/>
  <system-out/>
  <testcase classname="com.crm.qa.AdminTestCases.ChannelReports" name="CheckChannelReports_Served" time="27.214"/>
  <system-out/>
</testsuite> <!-- com.crm.qa.AdminTestCases.ChannelReports -->
