<?xml version="1.0" encoding="UTF-8"?>
<!-- Generated by org.testng.reporters.JUnitReportReporter -->
<testsuite hostname="DESKTOP-FNC5L9O" failures="0" tests="1" name="com.crm.qa.AdminTestCases.SupervisorTakeoverUser$AgentTestCases" time="112.726" errors="1" timestamp="2021-12-27T14:07:23 EET" skipped="0">
  <testcase classname="com.crm.qa.AdminTestCases.SupervisorTakeoverUser$AgentTestCases" name="Agent_take_over_english_user_EN_AR" time="112.726">
    <error type="java.lang.StackOverflowError">
      <![CDATA[java.lang.StackOverflowError
at java.base/java.nio.CharBuffer.wrap(CharBuffer.java:408)
at java.base/sun.nio.cs.StreamEncoder.implWrite(StreamEncoder.java:281)
at java.base/sun.nio.cs.StreamEncoder.write(StreamEncoder.java:132)
at java.base/java.io.OutputStreamWriter.write(OutputStreamWriter.java:205)
at java.base/java.io.BufferedWriter.flushBuffer(BufferedWriter.java:120)
at java.base/java.io.PrintStream.writeln(PrintStream.java:722)
at java.base/java.io.PrintStream.println(PrintStream.java:1028)
at com.crm.qa.util.WebEventListener.onException(WebEventListener.java:66)
at jdk.internal.reflect.GeneratedMethodAccessor5.invoke(Unknown Source)
at java.base/jdk.internal.reflect.DelegatingMethodAccessorImpl.invoke(DelegatingMethodAccessorImpl.java:43)
at java.base/java.lang.reflect.Method.invoke(Method.java:568)
at org.openqa.selenium.support.events.EventFiringWebDriver.lambda$new$0(EventFiringWebDriver.java:94)
at jdk.proxy2/jdk.proxy2.$Proxy13.onException(Unknown Source)
at org.openqa.selenium.support.events.EventFiringWebDriver.lambda$new$1(EventFiringWebDriver.java:117)
at jdk.proxy2/jdk.proxy2.$Proxy14.getScreenshotAs(Unknown Source)
at org.openqa.selenium.support.events.EventFiringWebDriver.getScreenshotAs(EventFiringWebDriver.java:312)
at com.crm.qa.util.TestUtil.takeScreenshotAtEndOfTest(TestUtil.java:63)
at com.crm.qa.util.WebEventListener.onException(WebEventListener.java:68)
at jdk.internal.reflect.GeneratedMethodAccessor5.invoke(Unknown Source)
at java.base/jdk.internal.reflect.DelegatingMethodAccessorImpl.invoke(DelegatingMethodAccessorImpl.java:43)
at java.base/java.lang.reflect.Method.invoke(Method.java:568)
at org.openqa.selenium.support.events.EventFiringWebDriver.lambda$new$0(EventFiringWebDriver.java:94)
at jdk.proxy2/jdk.proxy2.$Proxy13.onException(Unknown Source)
at org.openqa.selenium.support.events.EventFiringWebDriver.lambda$new$1(EventFiringWebDriver.java:117)
at jdk.proxy2/jdk.proxy2.$Proxy14.getScreenshotAs(Unknown Source)
at org.openqa.selenium.support.events.EventFiringWebDriver.getScreenshotAs(EventFiringWebDriver.java:312)
at com.crm.qa.util.TestUtil.takeScreenshotAtEndOfTest(TestUtil.java:63)
at com.crm.qa.util.WebEventListener.onException(WebEventListener.java:68)
at jdk.internal.reflect.GeneratedMethodAccessor5.invoke(Unknown Source)
at java.base/jdk.internal.reflect.DelegatingMethodAccessorImpl.invoke(DelegatingMethodAccessorImpl.java:43)
at java.base/java.lang.reflect.Method.invoke(Method.java:568)
at org.openqa.selenium.support.events.EventFiringWebDriver.lambda$new$0(EventFiringWebDriver.java:94)
at jdk.proxy2/jdk.proxy2.$Proxy13.onException(Unknown Source)
at org.openqa.selenium.support.events.EventFiringWebDriver.lambda$new$1(EventFiringWebDriver.java:117)
at jdk.proxy2/jdk.proxy2.$Proxy14.getScreenshotAs(Unknown Source)
at org.openqa.selenium.support.events.EventFiringWebDriver.getScreenshotAs(EventFiringWebDriver.java:312)
at com.crm.qa.util.TestUtil.takeScreenshotAtEndOfTest(TestUtil.java:63)
at com.crm.qa.util.WebEventListener.onException(WebEventListener.java:68)
at jdk.internal.reflect.GeneratedMethodAccessor5.invoke(Unknown Source)
at java.base/jdk.internal.reflect.DelegatingMethodAccessorImpl.invoke(DelegatingMethodAccessorImpl.java:43)
at java.base/java.lang.reflect.Method.invoke(Method.java:568)
at org.openqa.selenium.support.events.EventFiringWebDriver.lambda$new$0(EventFiringWebDriver.java:94)
at jdk.proxy2/jdk.proxy2.$Proxy13.onException(Unknown Source)
at org.openqa.selenium.support.events.EventFiringWebDriver.lambda$new$1(EventFiringWebDriver.java:117)
at jdk.proxy2/jdk.proxy2.$Proxy14.getScreenshotAs(Unknown Source)
at org.openqa.selenium.support.events.EventFiringWebDriver.getScreenshotAs(EventFiringWebDriver.java:312)
at com.crm.qa.util.TestUtil.takeScreenshotAtEndOfTest(TestUtil.java:63)
at com.crm.qa.util.WebEventListener.onException(WebEventListener.java:68)
at jdk.internal.reflect.GeneratedMethodAccessor5.invoke(Unknown Source)
at java.base/jdk.internal.reflect.DelegatingMethodAccessorImpl.invoke(DelegatingMethodAccessorImpl.java:43)
at java.base/java.lang.reflect.Method.invoke(Method.java:568)
at org.openqa.selenium.support.events.EventFiringWebDriver.lambda$new$0(EventFiringWebDriver.java:94)
at jdk.proxy2/jdk.proxy2.$Proxy13.onException(Unknown Source)
at org.openqa.selenium.support.events.EventFiringWebDriver.lambda$new$1(EventFiringWebDriver.java:117)
at jdk.proxy2/jdk.proxy2.$Proxy14.getScreenshotAs(Unknown Source)
at org.openqa.selenium.support.events.EventFiringWebDriver.getScreenshotAs(EventFiringWebDriver.java:312)
at com.crm.qa.util.TestUtil.takeScreenshotAtEndOfTest(TestUtil.java:63)
at com.crm.qa.util.WebEventListener.onException(WebEventListener.java:68)
at jdk.internal.reflect.GeneratedMethodAccessor5.invoke(Unknown Source)
at java.base/jdk.internal.reflect.DelegatingMethodAccessorImpl.invoke(DelegatingMethodAccessorImpl.java:43)
at java.base/java.lang.reflect.Method.invoke(Method.java:568)
at org.openqa.selenium.support.events.EventFiringWebDriver.lambda$new$0(EventFiringWebDriver.java:94)
at jdk.proxy2/jdk.proxy2.$Proxy13.onException(Unknown Source)
at org.openqa.selenium.support.events.EventFiringWebDriver.lambda$new$1(EventFiringWebDriver.java:117)
at jdk.proxy2/jdk.proxy2.$Proxy14.getScreenshotAs(Unknown Source)
at org.openqa.selenium.support.events.EventFiringWebDriver.getScreenshotAs(EventFiringWebDriver.java:312)
at com.crm.qa.util.TestUtil.takeScreenshotAtEndOfTest(TestUtil.java:63)
at com.crm.qa.util.WebEventListener.onException(WebEventListener.java:68)
at jdk.internal.reflect.GeneratedMethodAccessor5.invoke(Unknown Source)
at java.base/jdk.internal.reflect.DelegatingMethodAccessorImpl.invoke(DelegatingMethodAccessorImpl.java:43)
at java.base/java.lang.reflect.Method.invoke(Method.java:568)
at org.openqa.selenium.support.events.EventFiringWebDriver.lambda$new$0(EventFiringWebDriver.java:94)
at jdk.proxy2/jdk.proxy2.$Proxy13.onException(Unknown Source)
at org.openqa.selenium.support.events.EventFiringWebDriver.lambda$new$1(EventFiringWebDriver.java:117)
at jdk.proxy2/jdk.proxy2.$Proxy14.getScreenshotAs(Unknown Source)
at org.openqa.selenium.support.events.EventFiringWebDriver.getScreenshotAs(EventFiringWebDriver.java:312)
at com.crm.qa.util.TestUtil.takeScreenshotAtEndOfTest(TestUtil.java:63)
at com.crm.qa.util.WebEventListener.onException(WebEventListener.java:68)
at jdk.internal.reflect.GeneratedMethodAccessor5.invoke(Unknown Source)
at java.base/jdk.internal.reflect.DelegatingMethodAccessorImpl.invoke(DelegatingMethodAccessorImpl.java:43)
at java.base/java.lang.reflect.Method.invoke(Method.java:568)
at org.openqa.selenium.support.events.EventFiringWebDriver.lambda$new$0(EventFiringWebDriver.java:94)
at jdk.proxy2/jdk.proxy2.$Proxy13.onException(Unknown Source)
at org.openqa.selenium.support.events.EventFiringWebDriver.lambda$new$1(EventFiringWebDriver.java:117)
at jdk.proxy2/jdk.proxy2.$Proxy14.getScreenshotAs(Unknown Source)
at org.openqa.selenium.support.events.EventFiringWebDriver.getScreenshotAs(EventFiringWebDriver.java:312)
at com.crm.qa.util.TestUtil.takeScreenshotAtEndOfTest(TestUtil.java:63)
at com.crm.qa.util.WebEventListener.onException(WebEventListener.java:68)
at jdk.internal.reflect.GeneratedMethodAccessor5.invoke(Unknown Source)
at java.base/jdk.internal.reflect.DelegatingMethodAccessorImpl.invoke(DelegatingMethodAccessorImpl.java:43)
at java.base/java.lang.reflect.Method.invoke(Method.java:568)
at org.openqa.selenium.support.events.EventFiringWebDriver.lambda$new$0(EventFiringWebDriver.java:94)
at jdk.proxy2/jdk.proxy2.$Proxy13.onException(Unknown Source)
at org.openqa.selenium.support.events.EventFiringWebDriver.lambda$new$1(EventFiringWebDriver.java:117)
at jdk.proxy2/jdk.proxy2.$Proxy14.getScreenshotAs(Unknown Source)
at org.openqa.selenium.support.events.EventFiringWebDriver.getScreenshotAs(EventFiringWebDriver.java:312)
at com.crm.qa.util.TestUtil.takeScreenshotAtEndOfTest(TestUtil.java:63)
at com.crm.qa.util.WebEventListener.onException(WebEventListener.java:68)
at jdk.internal.reflect.GeneratedMethodAccessor5.invoke(Unknown Source)
at java.base/jdk.internal.reflect.DelegatingMethodAccessorImpl.invoke(DelegatingMethodAccessorImpl.java:43)
at java.base/java.lang.reflect.Method.invoke(Method.java:568)
at org.openqa.selenium.support.events.EventFiringWebDriver.lambda$new$0(EventFiringWebDriver.java:94)
at jdk.proxy2/jdk.proxy2.$Proxy13.onException(Unknown Source)
at org.openqa.selenium.support.events.EventFiringWebDriver.lambda$new$1(EventFiringWebDriver.java:117)
at jdk.proxy2/jdk.proxy2.$Proxy14.getScreenshotAs(Unknown Source)
at org.openqa.selenium.support.events.EventFiringWebDriver.getScreenshotAs(EventFiringWebDriver.java:312)
at com.crm.qa.util.TestUtil.takeScreenshotAtEndOfTest(TestUtil.java:63)
at com.crm.qa.util.WebEventListener.onException(WebEventListener.java:68)
at jdk.internal.reflect.GeneratedMethodAccessor5.invoke(Unknown Source)
at java.base/jdk.internal.reflect.DelegatingMethodAccessorImpl.invoke(DelegatingMethodAccessorImpl.java:43)
at java.base/java.lang.reflect.Method.invoke(Method.java:568)
at org.openqa.selenium.support.events.EventFiringWebDriver.lambda$new$0(EventFiringWebDriver.java:94)
at jdk.proxy2/jdk.proxy2.$Proxy13.onException(Unknown Source)
at org.openqa.selenium.support.events.EventFiringWebDriver.lambda$new$1(EventFiringWebDriver.java:117)
at jdk.proxy2/jdk.proxy2.$Proxy14.getScreenshotAs(Unknown Source)
at org.openqa.selenium.support.events.EventFiringWebDriver.getScreenshotAs(EventFiringWebDriver.java:312)
at com.crm.qa.util.TestUtil.takeScreenshotAtEndOfTest(TestUtil.java:63)
at com.crm.qa.util.WebEventListener.onException(WebEventListener.java:68)
at jdk.internal.reflect.GeneratedMethodAccessor5.invoke(Unknown Source)
at java.base/jdk.internal.reflect.DelegatingMethodAccessorImpl.invoke(DelegatingMethodAccessorImpl.java:43)
at java.base/java.lang.reflect.Method.invoke(Method.java:568)
at org.openqa.selenium.support.events.EventFiringWebDriver.lambda$new$0(EventFiringWebDriver.java:94)
at jdk.proxy2/jdk.proxy2.$Proxy13.onException(Unknown Source)
at org.openqa.selenium.support.events.EventFiringWebDriver.lambda$new$1(EventFiringWebDriver.java:117)
at jdk.proxy2/jdk.proxy2.$Proxy14.getScreenshotAs(Unknown Source)
at org.openqa.selenium.support.events.EventFiringWebDriver.getScreenshotAs(EventFiringWebDriver.java:312)
at com.crm.qa.util.TestUtil.takeScreenshotAtEndOfTest(TestUtil.java:63)
at com.crm.qa.util.WebEventListener.onException(WebEventListener.java:68)
at jdk.internal.reflect.GeneratedMethodAccessor5.invoke(Unknown Source)
at java.base/jdk.internal.reflect.DelegatingMethodAccessorImpl.invoke(DelegatingMethodAccessorImpl.java:43)
at java.base/java.lang.reflect.Method.invoke(Method.java:568)
at org.openqa.selenium.support.events.EventFiringWebDriver.lambda$new$0(EventFiringWebDriver.java:94)
at jdk.proxy2/jdk.proxy2.$Proxy13.onException(Unknown Source)
at org.openqa.selenium.support.events.EventFiringWebDriver.lambda$new$1(EventFiringWebDriver.java:117)
at jdk.proxy2/jdk.proxy2.$Proxy14.getScreenshotAs(Unknown Source)
at org.openqa.selenium.support.events.EventFiringWebDriver.getScreenshotAs(EventFiringWebDriver.java:312)
at com.crm.qa.util.TestUtil.takeScreenshotAtEndOfTest(TestUtil.java:63)
at com.crm.qa.util.WebEventListener.onException(WebEventListener.java:68)
at jdk.internal.reflect.GeneratedMethodAccessor5.invoke(Unknown Source)
at java.base/jdk.internal.reflect.DelegatingMethodAccessorImpl.invoke(DelegatingMethodAccessorImpl.java:43)
at java.base/java.lang.reflect.Method.invoke(Method.java:568)
at org.openqa.selenium.support.events.EventFiringWebDriver.lambda$new$0(EventFiringWebDriver.java:94)
at jdk.proxy2/jdk.proxy2.$Proxy13.onException(Unknown Source)
at org.openqa.selenium.support.events.EventFiringWebDriver.lambda$new$1(EventFiringWebDriver.java:117)
at jdk.proxy2/jdk.proxy2.$Proxy14.getScreenshotAs(Unknown Source)
at org.openqa.selenium.support.events.EventFiringWebDriver.getScreenshotAs(EventFiringWebDriver.java:312)
at com.crm.qa.util.TestUtil.takeScreenshotAtEndOfTest(TestUtil.java:63)
at com.crm.qa.util.WebEventListener.onException(WebEventListener.java:68)
at jdk.internal.reflect.GeneratedMethodAccessor5.invoke(Unknown Source)
at java.base/jdk.internal.reflect.DelegatingMethodAccessorImpl.invoke(DelegatingMethodAccessorImpl.java:43)
at java.base/java.lang.reflect.Method.invoke(Method.java:568)
at org.openqa.selenium.support.events.EventFiringWebDriver.lambda$new$0(EventFiringWebDriver.java:94)
at jdk.proxy2/jdk.proxy2.$Proxy13.onException(Unknown Source)
at org.openqa.selenium.support.events.EventFiringWebDriver.lambda$new$1(EventFiringWebDriver.java:117)
at jdk.proxy2/jdk.proxy2.$Proxy14.getScreenshotAs(Unknown Source)
at org.openqa.selenium.support.events.EventFiringWebDriver.getScreenshotAs(EventFiringWebDriver.java:312)
at com.crm.qa.util.TestUtil.takeScreenshotAtEndOfTest(TestUtil.java:63)
at com.crm.qa.util.WebEventListener.onException(WebEventListener.java:68)
at jdk.internal.reflect.GeneratedMethodAccessor5.invoke(Unknown Source)
at java.base/jdk.internal.reflect.DelegatingMethodAccessorImpl.invoke(DelegatingMethodAccessorImpl.java:43)
at java.base/java.lang.reflect.Method.invoke(Method.java:568)
at org.openqa.selenium.support.events.EventFiringWebDriver.lambda$new$0(EventFiringWebDriver.java:94)
at jdk.proxy2/jdk.proxy2.$Proxy13.onException(Unknown Source)
at org.openqa.selenium.support.events.EventFiringWebDriver.lambda$new$1(EventFiringWebDriver.java:117)
at jdk.proxy2/jdk.proxy2.$Proxy14.getScreenshotAs(Unknown Source)
at org.openqa.selenium.support.events.EventFiringWebDriver.getScreenshotAs(EventFiringWebDriver.java:312)
at com.crm.qa.util.TestUtil.takeScreenshotAtEndOfTest(TestUtil.java:63)
at com.crm.qa.util.WebEventListener.onException(WebEventListener.java:68)
at jdk.internal.reflect.GeneratedMethodAccessor5.invoke(Unknown Source)
at java.base/jdk.internal.reflect.DelegatingMethodAccessorImpl.invoke(DelegatingMethodAccessorImpl.java:43)
at java.base/java.lang.reflect.Method.invoke(Method.java:568)
at org.openqa.selenium.support.events.EventFiringWebDriver.lambda$new$0(EventFiringWebDriver.java:94)
at jdk.proxy2/jdk.proxy2.$Proxy13.onException(Unknown Source)
at org.openqa.selenium.support.events.EventFiringWebDriver.lambda$new$1(EventFiringWebDriver.java:117)
at jdk.proxy2/jdk.proxy2.$Proxy14.getScreenshotAs(Unknown Source)
at org.openqa.selenium.support.events.EventFiringWebDriver.getScreenshotAs(EventFiringWebDriver.java:312)
at com.crm.qa.util.TestUtil.takeScreenshotAtEndOfTest(TestUtil.java:63)
at com.crm.qa.util.WebEventListener.onException(WebEventListener.java:68)
at jdk.internal.reflect.GeneratedMethodAccessor5.invoke(Unknown Source)
at java.base/jdk.internal.reflect.DelegatingMethodAccessorImpl.invoke(DelegatingMethodAccessorImpl.java:43)
at java.base/java.lang.reflect.Method.invoke(Method.java:568)
at org.openqa.selenium.support.events.EventFiringWebDriver.lambda$new$0(EventFiringWebDriver.java:94)
at jdk.proxy2/jdk.proxy2.$Proxy13.onException(Unknown Source)
at org.openqa.selenium.support.events.EventFiringWebDriver.lambda$new$1(EventFiringWebDriver.java:117)
at jdk.proxy2/jdk.proxy2.$Proxy14.getScreenshotAs(Unknown Source)
at org.openqa.selenium.support.events.EventFiringWebDriver.getScreenshotAs(EventFiringWebDriver.java:312)
at com.crm.qa.util.TestUtil.takeScreenshotAtEndOfTest(TestUtil.java:63)
at com.crm.qa.util.WebEventListener.onException(WebEventListener.java:68)
at jdk.internal.reflect.GeneratedMethodAccessor5.invoke(Unknown Source)
at java.base/jdk.internal.reflect.DelegatingMethodAccessorImpl.invoke(DelegatingMethodAccessorImpl.java:43)
at java.base/java.lang.reflect.Method.invoke(Method.java:568)
at org.openqa.selenium.support.events.EventFiringWebDriver.lambda$new$0(EventFiringWebDriver.java:94)
at jdk.proxy2/jdk.proxy2.$Proxy13.onException(Unknown Source)
at org.openqa.selenium.support.events.EventFiringWebDriver.lambda$new$1(EventFiringWebDriver.java:117)
at jdk.proxy2/jdk.proxy2.$Proxy14.getScreenshotAs(Unknown Source)
at org.openqa.selenium.support.events.EventFiringWebDriver.getScreenshotAs(EventFiringWebDriver.java:312)
at com.crm.qa.util.TestUtil.takeScreenshotAtEndOfTest(TestUtil.java:63)
at com.crm.qa.util.WebEventListener.onException(WebEventListener.java:68)
at jdk.internal.reflect.GeneratedMethodAccessor5.invoke(Unknown Source)
at java.base/jdk.internal.reflect.DelegatingMethodAccessorImpl.invoke(DelegatingMethodAccessorImpl.java:43)
at java.base/java.lang.reflect.Method.invoke(Method.java:568)
at org.openqa.selenium.support.events.EventFiringWebDriver.lambda$new$0(EventFiringWebDriver.java:94)
at jdk.proxy2/jdk.proxy2.$Proxy13.onException(Unknown Source)
at org.openqa.selenium.support.events.EventFiringWebDriver.lambda$new$1(EventFiringWebDriver.java:117)
at jdk.proxy2/jdk.proxy2.$Proxy14.getScreenshotAs(Unknown Source)
at org.openqa.selenium.support.events.EventFiringWebDriver.getScreenshotAs(EventFiringWebDriver.java:312)
at com.crm.qa.util.TestUtil.takeScreenshotAtEndOfTest(TestUtil.java:63)
at com.crm.qa.util.WebEventListener.onException(WebEventListener.java:68)
at jdk.internal.reflect.GeneratedMethodAccessor5.invoke(Unknown Source)
at java.base/jdk.internal.reflect.DelegatingMethodAccessorImpl.invoke(DelegatingMethodAccessorImpl.java:43)
at java.base/java.lang.reflect.Method.invoke(Method.java:568)
at org.openqa.selenium.support.events.EventFiringWebDriver.lambda$new$0(EventFiringWebDriver.java:94)
at jdk.proxy2/jdk.proxy2.$Proxy13.onException(Unknown Source)
at org.openqa.selenium.support.events.EventFiringWebDriver.lambda$new$1(EventFiringWebDriver.java:117)
at jdk.proxy2/jdk.proxy2.$Proxy14.getScreenshotAs(Unknown Source)
at org.openqa.selenium.support.events.EventFiringWebDriver.getScreenshotAs(EventFiringWebDriver.java:312)
at com.crm.qa.util.TestUtil.takeScreenshotAtEndOfTest(TestUtil.java:63)
at com.crm.qa.util.WebEventListener.onException(WebEventListener.java:68)
at jdk.internal.reflect.GeneratedMethodAccessor5.invoke(Unknown Source)
at java.base/jdk.internal.reflect.DelegatingMethodAccessorImpl.invoke(DelegatingMethodAccessorImpl.java:43)
at java.base/java.lang.reflect.Method.invoke(Method.java:568)
at org.openqa.selenium.support.events.EventFiringWebDriver.lambda$new$0(EventFiringWebDriver.java:94)
at jdk.proxy2/jdk.proxy2.$Proxy13.onException(Unknown Source)
at org.openqa.selenium.support.events.EventFiringWebDriver.lambda$new$1(EventFiringWebDriver.java:117)
at jdk.proxy2/jdk.proxy2.$Proxy14.getScreenshotAs(Unknown Source)
at org.openqa.selenium.support.events.EventFiringWebDriver.getScreenshotAs(EventFiringWebDriver.java:312)
at com.crm.qa.util.TestUtil.takeScreenshotAtEndOfTest(TestUtil.java:63)
at com.crm.qa.util.WebEventListener.onException(WebEventListener.java:68)
at jdk.internal.reflect.GeneratedMethodAccessor5.invoke(Unknown Source)
at java.base/jdk.internal.reflect.DelegatingMethodAccessorImpl.invoke(DelegatingMethodAccessorImpl.java:43)
at java.base/java.lang.reflect.Method.invoke(Method.java:568)
at org.openqa.selenium.support.events.EventFiringWebDriver.lambda$new$0(EventFiringWebDriver.java:94)
at jdk.proxy2/jdk.proxy2.$Proxy13.onException(Unknown Source)
at org.openqa.selenium.support.events.EventFiringWebDriver.lambda$new$1(EventFiringWebDriver.java:117)
at jdk.proxy2/jdk.proxy2.$Proxy14.getScreenshotAs(Unknown Source)
at org.openqa.selenium.support.events.EventFiringWebDriver.getScreenshotAs(EventFiringWebDriver.java:312)
at com.crm.qa.util.TestUtil.takeScreenshotAtEndOfTest(TestUtil.java:63)
at com.crm.qa.util.WebEventListener.onException(WebEventListener.java:68)
at jdk.internal.reflect.GeneratedMethodAccessor5.invoke(Unknown Source)
at java.base/jdk.internal.reflect.DelegatingMethodAccessorImpl.invoke(DelegatingMethodAccessorImpl.java:43)
at java.base/java.lang.reflect.Method.invoke(Method.java:568)
at org.openqa.selenium.support.events.EventFiringWebDriver.lambda$new$0(EventFiringWebDriver.java:94)
at jdk.proxy2/jdk.proxy2.$Proxy13.onException(Unknown Source)
at org.openqa.selenium.support.events.EventFiringWebDriver.lambda$new$1(EventFiringWebDriver.java:117)
at jdk.proxy2/jdk.proxy2.$Proxy14.getScreenshotAs(Unknown Source)
at org.openqa.selenium.support.events.EventFiringWebDriver.getScreenshotAs(EventFiringWebDriver.java:312)
at com.crm.qa.util.TestUtil.takeScreenshotAtEndOfTest(TestUtil.java:63)
at com.crm.qa.util.WebEventListener.onException(WebEventListener.java:68)
at jdk.internal.reflect.GeneratedMethodAccessor5.invoke(Unknown Source)
at java.base/jdk.internal.reflect.DelegatingMethodAccessorImpl.invoke(DelegatingMethodAccessorImpl.java:43)
at java.base/java.lang.reflect.Method.invoke(Method.java:568)
at org.openqa.selenium.support.events.EventFiringWebDriver.lambda$new$0(EventFiringWebDriver.java:94)
at jdk.proxy2/jdk.proxy2.$Proxy13.onException(Unknown Source)
at org.openqa.selenium.support.events.EventFiringWebDriver.lambda$new$1(EventFiringWebDriver.java:117)
at jdk.proxy2/jdk.proxy2.$Proxy14.getScreenshotAs(Unknown Source)
at org.openqa.selenium.support.events.EventFiringWebDriver.getScreenshotAs(EventFiringWebDriver.java:312)
at com.crm.qa.util.TestUtil.takeScreenshotAtEndOfTest(TestUtil.java:63)
at com.crm.qa.util.WebEventListener.onException(WebEventListener.java:68)
at jdk.internal.reflect.GeneratedMethodAccessor5.invoke(Unknown Source)
at java.base/jdk.internal.reflect.DelegatingMethodAccessorImpl.invoke(DelegatingMethodAccessorImpl.java:43)
at java.base/java.lang.reflect.Method.invoke(Method.java:568)
at org.openqa.selenium.support.events.EventFiringWebDriver.lambda$new$0(EventFiringWebDriver.java:94)
at jdk.proxy2/jdk.proxy2.$Proxy13.onException(Unknown Source)
at org.openqa.selenium.support.events.EventFiringWebDriver.lambda$new$1(EventFiringWebDriver.java:117)
at jdk.proxy2/jdk.proxy2.$Proxy14.getScreenshotAs(Unknown Source)
at org.openqa.selenium.support.events.EventFiringWebDriver.getScreenshotAs(EventFiringWebDriver.java:312)
at com.crm.qa.util.TestUtil.takeScreenshotAtEndOfTest(TestUtil.java:63)
at com.crm.qa.util.WebEventListener.onException(WebEventListener.java:68)
at jdk.internal.reflect.GeneratedMethodAccessor5.invoke(Unknown Source)
at java.base/jdk.internal.reflect.DelegatingMethodAccessorImpl.invoke(DelegatingMethodAccessorImpl.java:43)
at java.base/java.lang.reflect.Method.invoke(Method.java:568)
at org.openqa.selenium.support.events.EventFiringWebDriver.lambda$new$0(EventFiringWebDriver.java:94)
at jdk.proxy2/jdk.proxy2.$Proxy13.onException(Unknown Source)
at org.openqa.selenium.support.events.EventFiringWebDriver.lambda$new$1(EventFiringWebDriver.java:117)
at jdk.proxy2/jdk.proxy2.$Proxy14.getScreenshotAs(Unknown Source)
at org.openqa.selenium.support.events.EventFiringWebDriver.getScreenshotAs(EventFiringWebDriver.java:312)
at com.crm.qa.util.TestUtil.takeScreenshotAtEndOfTest(TestUtil.java:63)
at com.crm.qa.util.WebEventListener.onException(WebEventListener.java:68)
at jdk.internal.reflect.GeneratedMethodAccessor5.invoke(Unknown Source)
at java.base/jdk.internal.reflect.DelegatingMethodAccessorImpl.invoke(DelegatingMethodAccessorImpl.java:43)
at java.base/java.lang.reflect.Method.invoke(Method.java:568)
at org.openqa.selenium.support.events.EventFiringWebDriver.lambda$new$0(EventFiringWebDriver.java:94)
at jdk.proxy2/jdk.proxy2.$Proxy13.onException(Unknown Source)
at org.openqa.selenium.support.events.EventFiringWebDriver.lambda$new$1(EventFiringWebDriver.java:117)
at jdk.proxy2/jdk.proxy2.$Proxy14.getScreenshotAs(Unknown Source)
at org.openqa.selenium.support.events.EventFiringWebDriver.getScreenshotAs(EventFiringWebDriver.java:312)
at com.crm.qa.util.TestUtil.takeScreenshotAtEndOfTest(TestUtil.java:63)
at com.crm.qa.util.WebEventListener.onException(WebEventListener.java:68)
at jdk.internal.reflect.GeneratedMethodAccessor5.invoke(Unknown Source)
at java.base/jdk.internal.reflect.DelegatingMethodAccessorImpl.invoke(DelegatingMethodAccessorImpl.java:43)
at java.base/java.lang.reflect.Method.invoke(Method.java:568)
at org.openqa.selenium.support.events.EventFiringWebDriver.lambda$new$0(EventFiringWebDriver.java:94)
at jdk.proxy2/jdk.proxy2.$Proxy13.onException(Unknown Source)
at org.openqa.selenium.support.events.EventFiringWebDriver.lambda$new$1(EventFiringWebDriver.java:117)
at jdk.proxy2/jdk.proxy2.$Proxy14.getScreenshotAs(Unknown Source)
at org.openqa.selenium.support.events.EventFiringWebDriver.getScreenshotAs(EventFiringWebDriver.java:312)
at com.crm.qa.util.TestUtil.takeScreenshotAtEndOfTest(TestUtil.java:63)
at com.crm.qa.util.WebEventListener.onException(WebEventListener.java:68)
at jdk.internal.reflect.GeneratedMethodAccessor5.invoke(Unknown Source)
at java.base/jdk.internal.reflect.DelegatingMethodAccessorImpl.invoke(DelegatingMethodAccessorImpl.java:43)
at java.base/java.lang.reflect.Method.invoke(Method.java:568)
at org.openqa.selenium.support.events.EventFiringWebDriver.lambda$new$0(EventFiringWebDriver.java:94)
at jdk.proxy2/jdk.proxy2.$Proxy13.onException(Unknown Source)
at org.openqa.selenium.support.events.EventFiringWebDriver.lambda$new$1(EventFiringWebDriver.java:117)
at jdk.proxy2/jdk.proxy2.$Proxy14.getScreenshotAs(Unknown Source)
at org.openqa.selenium.support.events.EventFiringWebDriver.getScreenshotAs(EventFiringWebDriver.java:312)
at com.crm.qa.util.TestUtil.takeScreenshotAtEndOfTest(TestUtil.java:63)
at com.crm.qa.util.WebEventListener.onException(WebEventListener.java:68)
at jdk.internal.reflect.GeneratedMethodAccessor5.invoke(Unknown Source)
at java.base/jdk.internal.reflect.DelegatingMethodAccessorImpl.invoke(DelegatingMethodAccessorImpl.java:43)
at java.base/java.lang.reflect.Method.invoke(Method.java:568)
at org.openqa.selenium.support.events.EventFiringWebDriver.lambda$new$0(EventFiringWebDriver.java:94)
at jdk.proxy2/jdk.proxy2.$Proxy13.onException(Unknown Source)
at org.openqa.selenium.support.events.EventFiringWebDriver.lambda$new$1(EventFiringWebDriver.java:117)
at jdk.proxy2/jdk.proxy2.$Proxy14.getScreenshotAs(Unknown Source)
at org.openqa.selenium.support.events.EventFiringWebDriver.getScreenshotAs(EventFiringWebDriver.java:312)
at com.crm.qa.util.TestUtil.takeScreenshotAtEndOfTest(TestUtil.java:63)
at com.crm.qa.util.WebEventListener.onException(WebEventListener.java:68)
at jdk.internal.reflect.GeneratedMethodAccessor5.invoke(Unknown Source)
at java.base/jdk.internal.reflect.DelegatingMethodAccessorImpl.invoke(DelegatingMethodAccessorImpl.java:43)
at java.base/java.lang.reflect.Method.invoke(Method.java:568)
at org.openqa.selenium.support.events.EventFiringWebDriver.lambda$new$0(EventFiringWebDriver.java:94)
at jdk.proxy2/jdk.proxy2.$Proxy13.onException(Unknown Source)
at org.openqa.selenium.support.events.EventFiringWebDriver.lambda$new$1(EventFiringWebDriver.java:117)
at jdk.proxy2/jdk.proxy2.$Proxy14.getScreenshotAs(Unknown Source)
at org.openqa.selenium.support.events.EventFiringWebDriver.getScreenshotAs(EventFiringWebDriver.java:312)
at com.crm.qa.util.TestUtil.takeScreenshotAtEndOfTest(TestUtil.java:63)
at com.crm.qa.util.WebEventListener.onException(WebEventListener.java:68)
at jdk.internal.reflect.GeneratedMethodAccessor5.invoke(Unknown Source)
at java.base/jdk.internal.reflect.DelegatingMethodAccessorImpl.invoke(DelegatingMethodAccessorImpl.java:43)
at java.base/java.lang.reflect.Method.invoke(Method.java:568)
at org.openqa.selenium.support.events.EventFiringWebDriver.lambda$new$0(EventFiringWebDriver.java:94)
at jdk.proxy2/jdk.proxy2.$Proxy13.onException(Unknown Source)
at org.openqa.selenium.support.events.EventFiringWebDriver.lambda$new$1(EventFiringWebDriver.java:117)
at jdk.proxy2/jdk.proxy2.$Proxy14.getScreenshotAs(Unknown Source)
at org.openqa.selenium.support.events.EventFiringWebDriver.getScreenshotAs(EventFiringWebDriver.java:312)
at com.crm.qa.util.TestUtil.takeScreenshotAtEndOfTest(TestUtil.java:63)
at com.crm.qa.util.WebEventListener.onException(WebEventListener.java:68)
at jdk.internal.reflect.GeneratedMethodAccessor5.invoke(Unknown Source)
at java.base/jdk.internal.reflect.DelegatingMethodAccessorImpl.invoke(DelegatingMethodAccessorImpl.java:43)
at java.base/java.lang.reflect.Method.invoke(Method.java:568)
at org.openqa.selenium.support.events.EventFiringWebDriver.lambda$new$0(EventFiringWebDriver.java:94)
at jdk.proxy2/jdk.proxy2.$Proxy13.onException(Unknown Source)
at org.openqa.selenium.support.events.EventFiringWebDriver.lambda$new$1(EventFiringWebDriver.java:117)
at jdk.proxy2/jdk.proxy2.$Proxy14.getScreenshotAs(Unknown Source)
at org.openqa.selenium.support.events.EventFiringWebDriver.getScreenshotAs(EventFiringWebDriver.java:312)
at com.crm.qa.util.TestUtil.takeScreenshotAtEndOfTest(TestUtil.java:63)
at com.crm.qa.util.WebEventListener.onException(WebEventListener.java:68)
at jdk.internal.reflect.GeneratedMethodAccessor5.invoke(Unknown Source)
at java.base/jdk.internal.reflect.DelegatingMethodAccessorImpl.invoke(DelegatingMethodAccessorImpl.java:43)
at java.base/java.lang.reflect.Method.invoke(Method.java:568)
at org.openqa.selenium.support.events.EventFiringWebDriver.lambda$new$0(EventFiringWebDriver.java:94)
at jdk.proxy2/jdk.proxy2.$Proxy13.onException(Unknown Source)
at org.openqa.selenium.support.events.EventFiringWebDriver.lambda$new$1(EventFiringWebDriver.java:117)
at jdk.proxy2/jdk.proxy2.$Proxy14.getScreenshotAs(Unknown Source)
at org.openqa.selenium.support.events.EventFiringWebDriver.getScreenshotAs(EventFiringWebDriver.java:312)
at com.crm.qa.util.TestUtil.takeScreenshotAtEndOfTest(TestUtil.java:63)
at com.crm.qa.util.WebEventListener.onException(WebEventListener.java:68)
at jdk.internal.reflect.GeneratedMethodAccessor5.invoke(Unknown Source)
at java.base/jdk.internal.reflect.DelegatingMethodAccessorImpl.invoke(DelegatingMethodAccessorImpl.java:43)
at java.base/java.lang.reflect.Method.invoke(Method.java:568)
at org.openqa.selenium.support.events.EventFiringWebDriver.lambda$new$0(EventFiringWebDriver.java:94)
at jdk.proxy2/jdk.proxy2.$Proxy13.onException(Unknown Source)
at org.openqa.selenium.support.events.EventFiringWebDriver.lambda$new$1(EventFiringWebDriver.java:117)
at jdk.proxy2/jdk.proxy2.$Proxy14.getScreenshotAs(Unknown Source)
at org.openqa.selenium.support.events.EventFiringWebDriver.getScreenshotAs(EventFiringWebDriver.java:312)
at com.crm.qa.util.TestUtil.takeScreenshotAtEndOfTest(TestUtil.java:63)
at com.crm.qa.util.WebEventListener.onException(WebEventListener.java:68)
at jdk.internal.reflect.GeneratedMethodAccessor5.invoke(Unknown Source)
at java.base/jdk.internal.reflect.DelegatingMethodAccessorImpl.invoke(DelegatingMethodAccessorImpl.java:43)
at java.base/java.lang.reflect.Method.invoke(Method.java:568)
at org.openqa.selenium.support.events.EventFiringWebDriver.lambda$new$0(EventFiringWebDriver.java:94)
at jdk.proxy2/jdk.proxy2.$Proxy13.onException(Unknown Source)
at org.openqa.selenium.support.events.EventFiringWebDriver.lambda$new$1(EventFiringWebDriver.java:117)
at jdk.proxy2/jdk.proxy2.$Proxy14.getScreenshotAs(Unknown Source)
at org.openqa.selenium.support.events.EventFiringWebDriver.getScreenshotAs(EventFiringWebDriver.java:312)
at com.crm.qa.util.TestUtil.takeScreenshotAtEndOfTest(TestUtil.java:63)
at com.crm.qa.util.WebEventListener.onException(WebEventListener.java:68)
at jdk.internal.reflect.GeneratedMethodAccessor5.invoke(Unknown Source)
at java.base/jdk.internal.reflect.DelegatingMethodAccessorImpl.invoke(DelegatingMethodAccessorImpl.java:43)
at java.base/java.lang.reflect.Method.invoke(Method.java:568)
at org.openqa.selenium.support.events.EventFiringWebDriver.lambda$new$0(EventFiringWebDriver.java:94)
at jdk.proxy2/jdk.proxy2.$Proxy13.onException(Unknown Source)
at org.openqa.selenium.support.events.EventFiringWebDriver.lambda$new$1(EventFiringWebDriver.java:117)
at jdk.proxy2/jdk.proxy2.$Proxy14.getScreenshotAs(Unknown Source)
at org.openqa.selenium.support.events.EventFiringWebDriver.getScreenshotAs(EventFiringWebDriver.java:312)
at com.crm.qa.util.TestUtil.takeScreenshotAtEndOfTest(TestUtil.java:63)
at com.crm.qa.util.WebEventListener.onException(WebEventListener.java:68)
at jdk.internal.reflect.GeneratedMethodAccessor5.invoke(Unknown Source)
at java.base/jdk.internal.reflect.DelegatingMethodAccessorImpl.invoke(DelegatingMethodAccessorImpl.java:43)
at java.base/java.lang.reflect.Method.invoke(Method.java:568)
at org.openqa.selenium.support.events.EventFiringWebDriver.lambda$new$0(EventFiringWebDriver.java:94)
at jdk.proxy2/jdk.proxy2.$Proxy13.onException(Unknown Source)
at org.openqa.selenium.support.events.EventFiringWebDriver.lambda$new$1(EventFiringWebDriver.java:117)
at jdk.proxy2/jdk.proxy2.$Proxy14.getScreenshotAs(Unknown Source)
at org.openqa.selenium.support.events.EventFiringWebDriver.getScreenshotAs(EventFiringWebDriver.java:312)
at com.crm.qa.util.TestUtil.takeScreenshotAtEndOfTest(TestUtil.java:63)
at com.crm.qa.util.WebEventListener.onException(WebEventListener.java:68)
at jdk.internal.reflect.GeneratedMethodAccessor5.invoke(Unknown Source)
at java.base/jdk.internal.reflect.DelegatingMethodAccessorImpl.invoke(DelegatingMethodAccessorImpl.java:43)
at java.base/java.lang.reflect.Method.invoke(Method.java:568)
at org.openqa.selenium.support.events.EventFiringWebDriver.lambda$new$0(EventFiringWebDriver.java:94)
at jdk.proxy2/jdk.proxy2.$Proxy13.onException(Unknown Source)
at org.openqa.selenium.support.events.EventFiringWebDriver.lambda$new$1(EventFiringWebDriver.java:117)
at jdk.proxy2/jdk.proxy2.$Proxy14.getScreenshotAs(Unknown Source)
at org.openqa.selenium.support.events.EventFiringWebDriver.getScreenshotAs(EventFiringWebDriver.java:312)
at com.crm.qa.util.TestUtil.takeScreenshotAtEndOfTest(TestUtil.java:63)
at com.crm.qa.util.WebEventListener.onException(WebEventListener.java:68)
at jdk.internal.reflect.GeneratedMethodAccessor5.invoke(Unknown Source)
at java.base/jdk.internal.reflect.DelegatingMethodAccessorImpl.invoke(DelegatingMethodAccessorImpl.java:43)
at java.base/java.lang.reflect.Method.invoke(Method.java:568)
at org.openqa.selenium.support.events.EventFiringWebDriver.lambda$new$0(EventFiringWebDriver.java:94)
at jdk.proxy2/jdk.proxy2.$Proxy13.onException(Unknown Source)
at org.openqa.selenium.support.events.EventFiringWebDriver.lambda$new$1(EventFiringWebDriver.java:117)
at jdk.proxy2/jdk.proxy2.$Proxy14.getScreenshotAs(Unknown Source)
at org.openqa.selenium.support.events.EventFiringWebDriver.getScreenshotAs(EventFiringWebDriver.java:312)
at com.crm.qa.util.TestUtil.takeScreenshotAtEndOfTest(TestUtil.java:63)
at com.crm.qa.util.WebEventListener.onException(WebEventListener.java:68)
at jdk.internal.reflect.GeneratedMethodAccessor5.invoke(Unknown Source)
at java.base/jdk.internal.reflect.DelegatingMethodAccessorImpl.invoke(DelegatingMethodAccessorImpl.java:43)
at java.base/java.lang.reflect.Method.invoke(Method.java:568)
at org.openqa.selenium.support.events.EventFiringWebDriver.lambda$new$0(EventFiringWebDriver.java:94)
at jdk.proxy2/jdk.proxy2.$Proxy13.onException(Unknown Source)
at org.openqa.selenium.support.events.EventFiringWebDriver.lambda$new$1(EventFiringWebDriver.java:117)
at jdk.proxy2/jdk.proxy2.$Proxy14.getScreenshotAs(Unknown Source)
at org.openqa.selenium.support.events.EventFiringWebDriver.getScreenshotAs(EventFiringWebDriver.java:312)
at com.crm.qa.util.TestUtil.takeScreenshotAtEndOfTest(TestUtil.java:63)
at com.crm.qa.util.WebEventListener.onException(WebEventListener.java:68)
at jdk.internal.reflect.GeneratedMethodAccessor5.invoke(Unknown Source)
at java.base/jdk.internal.reflect.DelegatingMethodAccessorImpl.invoke(DelegatingMethodAccessorImpl.java:43)
at java.base/java.lang.reflect.Method.invoke(Method.java:568)
at org.openqa.selenium.support.events.EventFiringWebDriver.lambda$new$0(EventFiringWebDriver.java:94)
at jdk.proxy2/jdk.proxy2.$Proxy13.onException(Unknown Source)
at org.openqa.selenium.support.events.EventFiringWebDriver.lambda$new$1(EventFiringWebDriver.java:117)
at jdk.proxy2/jdk.proxy2.$Proxy14.getScreenshotAs(Unknown Source)
at org.openqa.selenium.support.events.EventFiringWebDriver.getScreenshotAs(EventFiringWebDriver.java:312)
at com.crm.qa.util.TestUtil.takeScreenshotAtEndOfTest(TestUtil.java:63)
at com.crm.qa.util.WebEventListener.onException(WebEventListener.java:68)
at jdk.internal.reflect.GeneratedMethodAccessor5.invoke(Unknown Source)
at java.base/jdk.internal.reflect.DelegatingMethodAccessorImpl.invoke(DelegatingMethodAccessorImpl.java:43)
at java.base/java.lang.reflect.Method.invoke(Method.java:568)
at org.openqa.selenium.support.events.EventFiringWebDriver.lambda$new$0(EventFiringWebDriver.java:94)
at jdk.proxy2/jdk.proxy2.$Proxy13.onException(Unknown Source)
at org.openqa.selenium.support.events.EventFiringWebDriver.lambda$new$1(EventFiringWebDriver.java:117)
at jdk.proxy2/jdk.proxy2.$Proxy14.getScreenshotAs(Unknown Source)
at org.openqa.selenium.support.events.EventFiringWebDriver.getScreenshotAs(EventFiringWebDriver.java:312)
at com.crm.qa.util.TestUtil.takeScreenshotAtEndOfTest(TestUtil.java:63)
at com.crm.qa.util.WebEventListener.onException(WebEventListener.java:68)
at jdk.internal.reflect.GeneratedMethodAccessor5.invoke(Unknown Source)
at java.base/jdk.internal.reflect.DelegatingMethodAccessorImpl.invoke(DelegatingMethodAccessorImpl.java:43)
at java.base/java.lang.reflect.Method.invoke(Method.java:568)
at org.openqa.selenium.support.events.EventFiringWebDriver.lambda$new$0(EventFiringWebDriver.java:94)
at jdk.proxy2/jdk.proxy2.$Proxy13.onException(Unknown Source)
at org.openqa.selenium.support.events.EventFiringWebDriver.lambda$new$1(EventFiringWebDriver.java:117)
at jdk.proxy2/jdk.proxy2.$Proxy14.getScreenshotAs(Unknown Source)
at org.openqa.selenium.support.events.EventFiringWebDriver.getScreenshotAs(EventFiringWebDriver.java:312)
at com.crm.qa.util.TestUtil.takeScreenshotAtEndOfTest(TestUtil.java:63)
at com.crm.qa.util.WebEventListener.onException(WebEventListener.java:68)
at jdk.internal.reflect.GeneratedMethodAccessor5.invoke(Unknown Source)
at java.base/jdk.internal.reflect.DelegatingMethodAccessorImpl.invoke(DelegatingMethodAccessorImpl.java:43)
at java.base/java.lang.reflect.Method.invoke(Method.java:568)
at org.openqa.selenium.support.events.EventFiringWebDriver.lambda$new$0(EventFiringWebDriver.java:94)
at jdk.proxy2/jdk.proxy2.$Proxy13.onException(Unknown Source)
at org.openqa.selenium.support.events.EventFiringWebDriver.lambda$new$1(EventFiringWebDriver.java:117)
at jdk.proxy2/jdk.proxy2.$Proxy14.getScreenshotAs(Unknown Source)
at org.openqa.selenium.support.events.EventFiringWebDriver.getScreenshotAs(EventFiringWebDriver.java:312)
at com.crm.qa.util.TestUtil.takeScreenshotAtEndOfTest(TestUtil.java:63)
at com.crm.qa.util.WebEventListener.onException(WebEventListener.java:68)
at jdk.internal.reflect.GeneratedMethodAccessor5.invoke(Unknown Source)
at java.base/jdk.internal.reflect.DelegatingMethodAccessorImpl.invoke(DelegatingMethodAccessorImpl.java:43)
at java.base/java.lang.reflect.Method.invoke(Method.java:568)
at org.openqa.selenium.support.events.EventFiringWebDriver.lambda$new$0(EventFiringWebDriver.java:94)
at jdk.proxy2/jdk.proxy2.$Proxy13.onException(Unknown Source)
at org.openqa.selenium.support.events.EventFiringWebDriver.lambda$new$1(EventFiringWebDriver.java:117)
at jdk.proxy2/jdk.proxy2.$Proxy14.getScreenshotAs(Unknown Source)
at org.openqa.selenium.support.events.EventFiringWebDriver.getScreenshotAs(EventFiringWebDriver.java:312)
at com.crm.qa.util.TestUtil.takeScreenshotAtEndOfTest(TestUtil.java:63)
at com.crm.qa.util.WebEventListener.onException(WebEventListener.java:68)
at jdk.internal.reflect.GeneratedMethodAccessor5.invoke(Unknown Source)
at java.base/jdk.internal.reflect.DelegatingMethodAccessorImpl.invoke(DelegatingMethodAccessorImpl.java:43)
at java.base/java.lang.reflect.Method.invoke(Method.java:568)
at org.openqa.selenium.support.events.EventFiringWebDriver.lambda$new$0(EventFiringWebDriver.java:94)
at jdk.proxy2/jdk.proxy2.$Proxy13.onException(Unknown Source)
at org.openqa.selenium.support.events.EventFiringWebDriver.lambda$new$1(EventFiringWebDriver.java:117)
at jdk.proxy2/jdk.proxy2.$Proxy14.getScreenshotAs(Unknown Source)
at org.openqa.selenium.support.events.EventFiringWebDriver.getScreenshotAs(EventFiringWebDriver.java:312)
at com.crm.qa.util.TestUtil.takeScreenshotAtEndOfTest(TestUtil.java:63)
at com.crm.qa.util.WebEventListener.onException(WebEventListener.java:68)
at jdk.internal.reflect.GeneratedMethodAccessor5.invoke(Unknown Source)
at java.base/jdk.internal.reflect.DelegatingMethodAccessorImpl.invoke(DelegatingMethodAccessorImpl.java:43)
at java.base/java.lang.reflect.Method.invoke(Method.java:568)
at org.openqa.selenium.support.events.EventFiringWebDriver.lambda$new$0(EventFiringWebDriver.java:94)
at jdk.proxy2/jdk.proxy2.$Proxy13.onException(Unknown Source)
at org.openqa.selenium.support.events.EventFiringWebDriver.lambda$new$1(EventFiringWebDriver.java:117)
at jdk.proxy2/jdk.proxy2.$Proxy14.getScreenshotAs(Unknown Source)
at org.openqa.selenium.support.events.EventFiringWebDriver.getScreenshotAs(EventFiringWebDriver.java:312)
at com.crm.qa.util.TestUtil.takeScreenshotAtEndOfTest(TestUtil.java:63)
at com.crm.qa.util.WebEventListener.onException(WebEventListener.java:68)
at jdk.internal.reflect.GeneratedMethodAccessor5.invoke(Unknown Source)
at java.base/jdk.internal.reflect.DelegatingMethodAccessorImpl.invoke(DelegatingMethodAccessorImpl.java:43)
at java.base/java.lang.reflect.Method.invoke(Method.java:568)
at org.openqa.selenium.support.events.EventFiringWebDriver.lambda$new$0(EventFiringWebDriver.java:94)
at jdk.proxy2/jdk.proxy2.$Proxy13.onException(Unknown Source)
at org.openqa.selenium.support.events.EventFiringWebDriver.lambda$new$1(EventFiringWebDriver.java:117)
at jdk.proxy2/jdk.proxy2.$Proxy14.getScreenshotAs(Unknown Source)
at org.openqa.selenium.support.events.EventFiringWebDriver.getScreenshotAs(EventFiringWebDriver.java:312)
at com.crm.qa.util.TestUtil.takeScreenshotAtEndOfTest(TestUtil.java:63)
at com.crm.qa.util.WebEventListener.onException(WebEventListener.java:68)
at jdk.internal.reflect.GeneratedMethodAccessor5.invoke(Unknown Source)
at java.base/jdk.internal.reflect.DelegatingMethodAccessorImpl.invoke(DelegatingMethodAccessorImpl.java:43)
at java.base/java.lang.reflect.Method.invoke(Method.java:568)
at org.openqa.selenium.support.events.EventFiringWebDriver.lambda$new$0(EventFiringWebDriver.java:94)
at jdk.proxy2/jdk.proxy2.$Proxy13.onException(Unknown Source)
at org.openqa.selenium.support.events.EventFiringWebDriver.lambda$new$1(EventFiringWebDriver.java:117)
at jdk.proxy2/jdk.proxy2.$Proxy14.getScreenshotAs(Unknown Source)
at org.openqa.selenium.support.events.EventFiringWebDriver.getScreenshotAs(EventFiringWebDriver.java:312)
at com.crm.qa.util.TestUtil.takeScreenshotAtEndOfTest(TestUtil.java:63)
at com.crm.qa.util.WebEventListener.onException(WebEventListener.java:68)
at jdk.internal.reflect.GeneratedMethodAccessor5.invoke(Unknown Source)
at java.base/jdk.internal.reflect.DelegatingMethodAccessorImpl.invoke(DelegatingMethodAccessorImpl.java:43)
at java.base/java.lang.reflect.Method.invoke(Method.java:568)
at org.openqa.selenium.support.events.EventFiringWebDriver.lambda$new$0(EventFiringWebDriver.java:94)
at jdk.proxy2/jdk.proxy2.$Proxy13.onException(Unknown Source)
at org.openqa.selenium.support.events.EventFiringWebDriver.lambda$new$1(EventFiringWebDriver.java:117)
at jdk.proxy2/jdk.proxy2.$Proxy14.getScreenshotAs(Unknown Source)
at org.openqa.selenium.support.events.EventFiringWebDriver.getScreenshotAs(EventFiringWebDriver.java:312)
at com.crm.qa.util.TestUtil.takeScreenshotAtEndOfTest(TestUtil.java:63)
at com.crm.qa.util.WebEventListener.onException(WebEventListener.java:68)
at jdk.internal.reflect.GeneratedMethodAccessor5.invoke(Unknown Source)
at java.base/jdk.internal.reflect.DelegatingMethodAccessorImpl.invoke(DelegatingMethodAccessorImpl.java:43)
at java.base/java.lang.reflect.Method.invoke(Method.java:568)
at org.openqa.selenium.support.events.EventFiringWebDriver.lambda$new$0(EventFiringWebDriver.java:94)
at jdk.proxy2/jdk.proxy2.$Proxy13.onException(Unknown Source)
at org.openqa.selenium.support.events.EventFiringWebDriver.lambda$new$1(EventFiringWebDriver.java:117)
at jdk.proxy2/jdk.proxy2.$Proxy14.getScreenshotAs(Unknown Source)
at org.openqa.selenium.support.events.EventFiringWebDriver.getScreenshotAs(EventFiringWebDriver.java:312)
at com.crm.qa.util.TestUtil.takeScreenshotAtEndOfTest(TestUtil.java:63)
at com.crm.qa.util.WebEventListener.onException(WebEventListener.java:68)
at jdk.internal.reflect.GeneratedMethodAccessor5.invoke(Unknown Source)
at java.base/jdk.internal.reflect.DelegatingMethodAccessorImpl.invoke(DelegatingMethodAccessorImpl.java:43)
at java.base/java.lang.reflect.Method.invoke(Method.java:568)
at org.openqa.selenium.support.events.EventFiringWebDriver.lambda$new$0(EventFiringWebDriver.java:94)
at jdk.proxy2/jdk.proxy2.$Proxy13.onException(Unknown Source)
at org.openqa.selenium.support.events.EventFiringWebDriver.lambda$new$1(EventFiringWebDriver.java:117)
at jdk.proxy2/jdk.proxy2.$Proxy14.getScreenshotAs(Unknown Source)
at org.openqa.selenium.support.events.EventFiringWebDriver.getScreenshotAs(EventFiringWebDriver.java:312)
at com.crm.qa.util.TestUtil.takeScreenshotAtEndOfTest(TestUtil.java:63)
at com.crm.qa.util.WebEventListener.onException(WebEventListener.java:68)
at jdk.internal.reflect.GeneratedMethodAccessor5.invoke(Unknown Source)
at java.base/jdk.internal.reflect.DelegatingMethodAccessorImpl.invoke(DelegatingMethodAccessorImpl.java:43)
at java.base/java.lang.reflect.Method.invoke(Method.java:568)
at org.openqa.selenium.support.events.EventFiringWebDriver.lambda$new$0(EventFiringWebDriver.java:94)
at jdk.proxy2/jdk.proxy2.$Proxy13.onException(Unknown Source)
at org.openqa.selenium.support.events.EventFiringWebDriver.lambda$new$1(EventFiringWebDriver.java:117)
at jdk.proxy2/jdk.proxy2.$Proxy14.getScreenshotAs(Unknown Source)
at org.openqa.selenium.support.events.EventFiringWebDriver.getScreenshotAs(EventFiringWebDriver.java:312)
at com.crm.qa.util.TestUtil.takeScreenshotAtEndOfTest(TestUtil.java:63)
at com.crm.qa.util.WebEventListener.onException(WebEventListener.java:68)
at jdk.internal.reflect.GeneratedMethodAccessor5.invoke(Unknown Source)
at java.base/jdk.internal.reflect.DelegatingMethodAccessorImpl.invoke(DelegatingMethodAccessorImpl.java:43)
at java.base/java.lang.reflect.Method.invoke(Method.java:568)
at org.openqa.selenium.support.events.EventFiringWebDriver.lambda$new$0(EventFiringWebDriver.java:94)
at jdk.proxy2/jdk.proxy2.$Proxy13.onException(Unknown Source)
at org.openqa.selenium.support.events.EventFiringWebDriver.lambda$new$1(EventFiringWebDriver.java:117)
at jdk.proxy2/jdk.proxy2.$Proxy14.getScreenshotAs(Unknown Source)
at org.openqa.selenium.support.events.EventFiringWebDriver.getScreenshotAs(EventFiringWebDriver.java:312)
at com.crm.qa.util.TestUtil.takeScreenshotAtEndOfTest(TestUtil.java:63)
at com.crm.qa.util.WebEventListener.onException(WebEventListener.java:68)
at jdk.internal.reflect.GeneratedMethodAccessor5.invoke(Unknown Source)
at java.base/jdk.internal.reflect.DelegatingMethodAccessorImpl.invoke(DelegatingMethodAccessorImpl.java:43)
at java.base/java.lang.reflect.Method.invoke(Method.java:568)
at org.openqa.selenium.support.events.EventFiringWebDriver.lambda$new$0(EventFiringWebDriver.java:94)
at jdk.proxy2/jdk.proxy2.$Proxy13.onException(Unknown Source)
at org.openqa.selenium.support.events.EventFiringWebDriver.lambda$new$1(EventFiringWebDriver.java:117)
at jdk.proxy2/jdk.proxy2.$Proxy14.getScreenshotAs(Unknown Source)
at org.openqa.selenium.support.events.EventFiringWebDriver.getScreenshotAs(EventFiringWebDriver.java:312)
at com.crm.qa.util.TestUtil.takeScreenshotAtEndOfTest(TestUtil.java:63)
at com.crm.qa.util.WebEventListener.onException(WebEventListener.java:68)
at jdk.internal.reflect.GeneratedMethodAccessor5.invoke(Unknown Source)
at java.base/jdk.internal.reflect.DelegatingMethodAccessorImpl.invoke(DelegatingMethodAccessorImpl.java:43)
at java.base/java.lang.reflect.Method.invoke(Method.java:568)
at org.openqa.selenium.support.events.EventFiringWebDriver.lambda$new$0(EventFiringWebDriver.java:94)
at jdk.proxy2/jdk.proxy2.$Proxy13.onException(Unknown Source)
at org.openqa.selenium.support.events.EventFiringWebDriver.lambda$new$1(EventFiringWebDriver.java:117)
at jdk.proxy2/jdk.proxy2.$Proxy14.getScreenshotAs(Unknown Source)
at org.openqa.selenium.support.events.EventFiringWebDriver.getScreenshotAs(EventFiringWebDriver.java:312)
at com.crm.qa.util.TestUtil.takeScreenshotAtEndOfTest(TestUtil.java:63)
at com.crm.qa.util.WebEventListener.onException(WebEventListener.java:68)
at jdk.internal.reflect.GeneratedMethodAccessor5.invoke(Unknown Source)
at java.base/jdk.internal.reflect.DelegatingMethodAccessorImpl.invoke(DelegatingMethodAccessorImpl.java:43)
at java.base/java.lang.reflect.Method.invoke(Method.java:568)
at org.openqa.selenium.support.events.EventFiringWebDriver.lambda$new$0(EventFiringWebDriver.java:94)
at jdk.proxy2/jdk.proxy2.$Proxy13.onException(Unknown Source)
at org.openqa.selenium.support.events.EventFiringWebDriver.lambda$new$1(EventFiringWebDriver.java:117)
at jdk.proxy2/jdk.proxy2.$Proxy14.getScreenshotAs(Unknown Source)
at org.openqa.selenium.support.events.EventFiringWebDriver.getScreenshotAs(EventFiringWebDriver.java:312)
at com.crm.qa.util.TestUtil.takeScreenshotAtEndOfTest(TestUtil.java:63)
at com.crm.qa.util.WebEventListener.onException(WebEventListener.java:68)
at jdk.internal.reflect.GeneratedMethodAccessor5.invoke(Unknown Source)
at java.base/jdk.internal.reflect.DelegatingMethodAccessorImpl.invoke(DelegatingMethodAccessorImpl.java:43)
at java.base/java.lang.reflect.Method.invoke(Method.java:568)
at org.openqa.selenium.support.events.EventFiringWebDriver.lambda$new$0(EventFiringWebDriver.java:94)
at jdk.proxy2/jdk.proxy2.$Proxy13.onException(Unknown Source)
at org.openqa.selenium.support.events.EventFiringWebDriver.lambda$new$1(EventFiringWebDriver.java:117)
at jdk.proxy2/jdk.proxy2.$Proxy14.getScreenshotAs(Unknown Source)
at org.openqa.selenium.support.events.EventFiringWebDriver.getScreenshotAs(EventFiringWebDriver.java:312)
at com.crm.qa.util.TestUtil.takeScreenshotAtEndOfTest(TestUtil.java:63)
at com.crm.qa.util.WebEventListener.onException(WebEventListener.java:68)
at jdk.internal.reflect.GeneratedMethodAccessor5.invoke(Unknown Source)
at java.base/jdk.internal.reflect.DelegatingMethodAccessorImpl.invoke(DelegatingMethodAccessorImpl.java:43)
at java.base/java.lang.reflect.Method.invoke(Method.java:568)
at org.openqa.selenium.support.events.EventFiringWebDriver.lambda$new$0(EventFiringWebDriver.java:94)
at jdk.proxy2/jdk.proxy2.$Proxy13.onException(Unknown Source)
at org.openqa.selenium.support.events.EventFiringWebDriver.lambda$new$1(EventFiringWebDriver.java:117)
at jdk.proxy2/jdk.proxy2.$Proxy14.getScreenshotAs(Unknown Source)
at org.openqa.selenium.support.events.EventFiringWebDriver.getScreenshotAs(EventFiringWebDriver.java:312)
at com.crm.qa.util.TestUtil.takeScreenshotAtEndOfTest(TestUtil.java:63)
at com.crm.qa.util.WebEventListener.onException(WebEventListener.java:68)
at jdk.internal.reflect.GeneratedMethodAccessor5.invoke(Unknown Source)
at java.base/jdk.internal.reflect.DelegatingMethodAccessorImpl.invoke(DelegatingMethodAccessorImpl.java:43)
at java.base/java.lang.reflect.Method.invoke(Method.java:568)
at org.openqa.selenium.support.events.EventFiringWebDriver.lambda$new$0(EventFiringWebDriver.java:94)
at jdk.proxy2/jdk.proxy2.$Proxy13.onException(Unknown Source)
at org.openqa.selenium.support.events.EventFiringWebDriver.lambda$new$1(EventFiringWebDriver.java:117)
at jdk.proxy2/jdk.proxy2.$Proxy14.getScreenshotAs(Unknown Source)
at org.openqa.selenium.support.events.EventFiringWebDriver.getScreenshotAs(EventFiringWebDriver.java:312)
at com.crm.qa.util.TestUtil.takeScreenshotAtEndOfTest(TestUtil.java:63)
at com.crm.qa.util.WebEventListener.onException(WebEventListener.java:68)
at jdk.internal.reflect.GeneratedMethodAccessor5.invoke(Unknown Source)
at java.base/jdk.internal.reflect.DelegatingMethodAccessorImpl.invoke(DelegatingMethodAccessorImpl.java:43)
at java.base/java.lang.reflect.Method.invoke(Method.java:568)
at org.openqa.selenium.support.events.EventFiringWebDriver.lambda$new$0(EventFiringWebDriver.java:94)
at jdk.proxy2/jdk.proxy2.$Proxy13.onException(Unknown Source)
at org.openqa.selenium.support.events.EventFiringWebDriver.lambda$new$1(EventFiringWebDriver.java:117)
at jdk.proxy2/jdk.proxy2.$Proxy14.getScreenshotAs(Unknown Source)
at org.openqa.selenium.support.events.EventFiringWebDriver.getScreenshotAs(EventFiringWebDriver.java:312)
at com.crm.qa.util.TestUtil.takeScreenshotAtEndOfTest(TestUtil.java:63)
at com.crm.qa.util.WebEventListener.onException(WebEventListener.java:68)
at jdk.internal.reflect.GeneratedMethodAccessor5.invoke(Unknown Source)
at java.base/jdk.internal.reflect.DelegatingMethodAccessorImpl.invoke(DelegatingMethodAccessorImpl.java:43)
at java.base/java.lang.reflect.Method.invoke(Method.java:568)
at org.openqa.selenium.support.events.EventFiringWebDriver.lambda$new$0(EventFiringWebDriver.java:94)
at jdk.proxy2/jdk.proxy2.$Proxy13.onException(Unknown Source)
at org.openqa.selenium.support.events.EventFiringWebDriver.lambda$new$1(EventFiringWebDriver.java:117)
at jdk.proxy2/jdk.proxy2.$Proxy14.getScreenshotAs(Unknown Source)
at org.openqa.selenium.support.events.EventFiringWebDriver.getScreenshotAs(EventFiringWebDriver.java:312)
at com.crm.qa.util.TestUtil.takeScreenshotAtEndOfTest(TestUtil.java:63)
at com.crm.qa.util.WebEventListener.onException(WebEventListener.java:68)
at jdk.internal.reflect.GeneratedMethodAccessor5.invoke(Unknown Source)
at java.base/jdk.internal.reflect.DelegatingMethodAccessorImpl.invoke(DelegatingMethodAccessorImpl.java:43)
at java.base/java.lang.reflect.Method.invoke(Method.java:568)
at org.openqa.selenium.support.events.EventFiringWebDriver.lambda$new$0(EventFiringWebDriver.java:94)
at jdk.proxy2/jdk.proxy2.$Proxy13.onException(Unknown Source)
at org.openqa.selenium.support.events.EventFiringWebDriver.lambda$new$1(EventFiringWebDriver.java:117)
at jdk.proxy2/jdk.proxy2.$Proxy14.getScreenshotAs(Unknown Source)
at org.openqa.selenium.support.events.EventFiringWebDriver.getScreenshotAs(EventFiringWebDriver.java:312)
at com.crm.qa.util.TestUtil.takeScreenshotAtEndOfTest(TestUtil.java:63)
at com.crm.qa.util.WebEventListener.onException(WebEventListener.java:68)
at jdk.internal.reflect.GeneratedMethodAccessor5.invoke(Unknown Source)
at java.base/jdk.internal.reflect.DelegatingMethodAccessorImpl.invoke(DelegatingMethodAccessorImpl.java:43)
at java.base/java.lang.reflect.Method.invoke(Method.java:568)
at org.openqa.selenium.support.events.EventFiringWebDriver.lambda$new$0(EventFiringWebDriver.java:94)
at jdk.proxy2/jdk.proxy2.$Proxy13.onException(Unknown Source)
at org.openqa.selenium.support.events.EventFiringWebDriver.lambda$new$1(EventFiringWebDriver.java:117)
at jdk.proxy2/jdk.proxy2.$Proxy14.getScreenshotAs(Unknown Source)
at org.openqa.selenium.support.events.EventFiringWebDriver.getScreenshotAs(EventFiringWebDriver.java:312)
at com.crm.qa.util.TestUtil.takeScreenshotAtEndOfTest(TestUtil.java:63)
at com.crm.qa.util.WebEventListener.onException(WebEventListener.java:68)
at jdk.internal.reflect.GeneratedMethodAccessor5.invoke(Unknown Source)
at java.base/jdk.internal.reflect.DelegatingMethodAccessorImpl.invoke(DelegatingMethodAccessorImpl.java:43)
at java.base/java.lang.reflect.Method.invoke(Method.java:568)
at org.openqa.selenium.support.events.EventFiringWebDriver.lambda$new$0(EventFiringWebDriver.java:94)
at jdk.proxy2/jdk.proxy2.$Proxy13.onException(Unknown Source)
at org.openqa.selenium.support.events.EventFiringWebDriver.lambda$new$1(EventFiringWebDriver.java:117)
at jdk.proxy2/jdk.proxy2.$Proxy14.getScreenshotAs(Unknown Source)
at org.openqa.selenium.support.events.EventFiringWebDriver.getScreenshotAs(EventFiringWebDriver.java:312)
at com.crm.qa.util.TestUtil.takeScreenshotAtEndOfTest(TestUtil.java:63)
at com.crm.qa.util.WebEventListener.onException(WebEventListener.java:68)
at jdk.internal.reflect.GeneratedMethodAccessor5.invoke(Unknown Source)
at java.base/jdk.internal.reflect.DelegatingMethodAccessorImpl.invoke(DelegatingMethodAccessorImpl.java:43)
at java.base/java.lang.reflect.Method.invoke(Method.java:568)
at org.openqa.selenium.support.events.EventFiringWebDriver.lambda$new$0(EventFiringWebDriver.java:94)
at jdk.proxy2/jdk.proxy2.$Proxy13.onException(Unknown Source)
at org.openqa.selenium.support.events.EventFiringWebDriver.lambda$new$1(EventFiringWebDriver.java:117)
at jdk.proxy2/jdk.proxy2.$Proxy14.getScreenshotAs(Unknown Source)
at org.openqa.selenium.support.events.EventFiringWebDriver.getScreenshotAs(EventFiringWebDriver.java:312)
at com.crm.qa.util.TestUtil.takeScreenshotAtEndOfTest(TestUtil.java:63)
at com.crm.qa.util.WebEventListener.onException(WebEventListener.java:68)
at jdk.internal.reflect.GeneratedMethodAccessor5.invoke(Unknown Source)
at java.base/jdk.internal.reflect.DelegatingMethodAccessorImpl.invoke(DelegatingMethodAccessorImpl.java:43)
at java.base/java.lang.reflect.Method.invoke(Method.java:568)
at org.openqa.selenium.support.events.EventFiringWebDriver.lambda$new$0(EventFiringWebDriver.java:94)
at jdk.proxy2/jdk.proxy2.$Proxy13.onException(Unknown Source)
at org.openqa.selenium.support.events.EventFiringWebDriver.lambda$new$1(EventFiringWebDriver.java:117)
at jdk.proxy2/jdk.proxy2.$Proxy14.getScreenshotAs(Unknown Source)
at org.openqa.selenium.support.events.EventFiringWebDriver.getScreenshotAs(EventFiringWebDriver.java:312)
at com.crm.qa.util.TestUtil.takeScreenshotAtEndOfTest(TestUtil.java:63)
at com.crm.qa.util.WebEventListener.onException(WebEventListener.java:68)
at jdk.internal.reflect.GeneratedMethodAccessor5.invoke(Unknown Source)
at java.base/jdk.internal.reflect.DelegatingMethodAccessorImpl.invoke(DelegatingMethodAccessorImpl.java:43)
at java.base/java.lang.reflect.Method.invoke(Method.java:568)
at org.openqa.selenium.support.events.EventFiringWebDriver.lambda$new$0(EventFiringWebDriver.java:94)
at jdk.proxy2/jdk.proxy2.$Proxy13.onException(Unknown Source)
at org.openqa.selenium.support.events.EventFiringWebDriver.lambda$new$1(EventFiringWebDriver.java:117)
at jdk.proxy2/jdk.proxy2.$Proxy14.getScreenshotAs(Unknown Source)
at org.openqa.selenium.support.events.EventFiringWebDriver.getScreenshotAs(EventFiringWebDriver.java:312)
at com.crm.qa.util.TestUtil.takeScreenshotAtEndOfTest(TestUtil.java:63)
at com.crm.qa.util.WebEventListener.onException(WebEventListener.java:68)
at jdk.internal.reflect.GeneratedMethodAccessor5.invoke(Unknown Source)
at java.base/jdk.internal.reflect.DelegatingMethodAccessorImpl.invoke(DelegatingMethodAccessorImpl.java:43)
at java.base/java.lang.reflect.Method.invoke(Method.java:568)
at org.openqa.selenium.support.events.EventFiringWebDriver.lambda$new$0(EventFiringWebDriver.java:94)
at jdk.proxy2/jdk.proxy2.$Proxy13.onException(Unknown Source)
at org.openqa.selenium.support.events.EventFiringWebDriver.lambda$new$1(EventFiringWebDriver.java:117)
at jdk.proxy2/jdk.proxy2.$Proxy14.getScreenshotAs(Unknown Source)
at org.openqa.selenium.support.events.EventFiringWebDriver.getScreenshotAs(EventFiringWebDriver.java:312)
at com.crm.qa.util.TestUtil.takeScreenshotAtEndOfTest(TestUtil.java:63)
at com.crm.qa.util.WebEventListener.onException(WebEventListener.java:68)
at jdk.internal.reflect.GeneratedMethodAccessor5.invoke(Unknown Source)
at java.base/jdk.internal.reflect.DelegatingMethodAccessorImpl.invoke(DelegatingMethodAccessorImpl.java:43)
at java.base/java.lang.reflect.Method.invoke(Method.java:568)
at org.openqa.selenium.support.events.EventFiringWebDriver.lambda$new$0(EventFiringWebDriver.java:94)
at jdk.proxy2/jdk.proxy2.$Proxy13.onException(Unknown Source)
at org.openqa.selenium.support.events.EventFiringWebDriver.lambda$new$1(EventFiringWebDriver.java:117)
at jdk.proxy2/jdk.proxy2.$Proxy14.getScreenshotAs(Unknown Source)
at org.openqa.selenium.support.events.EventFiringWebDriver.getScreenshotAs(EventFiringWebDriver.java:312)
at com.crm.qa.util.TestUtil.takeScreenshotAtEndOfTest(TestUtil.java:63)
at com.crm.qa.util.WebEventListener.onException(WebEventListener.java:68)
at jdk.internal.reflect.GeneratedMethodAccessor5.invoke(Unknown Source)
at java.base/jdk.internal.reflect.DelegatingMethodAccessorImpl.invoke(DelegatingMethodAccessorImpl.java:43)
at java.base/java.lang.reflect.Method.invoke(Method.java:568)
at org.openqa.selenium.support.events.EventFiringWebDriver.lambda$new$0(EventFiringWebDriver.java:94)
at jdk.proxy2/jdk.proxy2.$Proxy13.onException(Unknown Source)
at org.openqa.selenium.support.events.EventFiringWebDriver.lambda$new$1(EventFiringWebDriver.java:117)
at jdk.proxy2/jdk.proxy2.$Proxy14.getScreenshotAs(Unknown Source)
at org.openqa.selenium.support.events.EventFiringWebDriver.getScreenshotAs(EventFiringWebDriver.java:312)
at com.crm.qa.util.TestUtil.takeScreenshotAtEndOfTest(TestUtil.java:63)
at com.crm.qa.util.WebEventListener.onException(WebEventListener.java:68)
at jdk.internal.reflect.GeneratedMethodAccessor5.invoke(Unknown Source)
at java.base/jdk.internal.reflect.DelegatingMethodAccessorImpl.invoke(DelegatingMethodAccessorImpl.java:43)
at java.base/java.lang.reflect.Method.invoke(Method.java:568)
at org.openqa.selenium.support.events.EventFiringWebDriver.lambda$new$0(EventFiringWebDriver.java:94)
at jdk.proxy2/jdk.proxy2.$Proxy13.onException(Unknown Source)
at org.openqa.selenium.support.events.EventFiringWebDriver.lambda$new$1(EventFiringWebDriver.java:117)
at jdk.proxy2/jdk.proxy2.$Proxy14.getScreenshotAs(Unknown Source)
at org.openqa.selenium.support.events.EventFiringWebDriver.getScreenshotAs(EventFiringWebDriver.java:312)
at com.crm.qa.util.TestUtil.takeScreenshotAtEndOfTest(TestUtil.java:63)
at com.crm.qa.util.WebEventListener.onException(WebEventListener.java:68)
at jdk.internal.reflect.GeneratedMethodAccessor5.invoke(Unknown Source)
at java.base/jdk.internal.reflect.DelegatingMethodAccessorImpl.invoke(DelegatingMethodAccessorImpl.java:43)
at java.base/java.lang.reflect.Method.invoke(Method.java:568)
at org.openqa.selenium.support.events.EventFiringWebDriver.lambda$new$0(EventFiringWebDriver.java:94)
at jdk.proxy2/jdk.proxy2.$Proxy13.onException(Unknown Source)
at org.openqa.selenium.support.events.EventFiringWebDriver.lambda$new$1(EventFiringWebDriver.java:117)
at jdk.proxy2/jdk.proxy2.$Proxy14.getScreenshotAs(Unknown Source)
at org.openqa.selenium.support.events.EventFiringWebDriver.getScreenshotAs(EventFiringWebDriver.java:312)
at com.crm.qa.util.TestUtil.takeScreenshotAtEndOfTest(TestUtil.java:63)
at com.crm.qa.util.WebEventListener.onException(WebEventListener.java:68)
at jdk.internal.reflect.GeneratedMethodAccessor5.invoke(Unknown Source)
at java.base/jdk.internal.reflect.DelegatingMethodAccessorImpl.invoke(DelegatingMethodAccessorImpl.java:43)
at java.base/java.lang.reflect.Method.invoke(Method.java:568)
at org.openqa.selenium.support.events.EventFiringWebDriver.lambda$new$0(EventFiringWebDriver.java:94)
at jdk.proxy2/jdk.proxy2.$Proxy13.onException(Unknown Source)
at org.openqa.selenium.support.events.EventFiringWebDriver.lambda$new$1(EventFiringWebDriver.java:117)
at jdk.proxy2/jdk.proxy2.$Proxy14.getScreenshotAs(Unknown Source)
at org.openqa.selenium.support.events.EventFiringWebDriver.getScreenshotAs(EventFiringWebDriver.java:312)
at com.crm.qa.util.TestUtil.takeScreenshotAtEndOfTest(TestUtil.java:63)
at com.crm.qa.util.WebEventListener.onException(WebEventListener.java:68)
at jdk.internal.reflect.GeneratedMethodAccessor5.invoke(Unknown Source)
at java.base/jdk.internal.reflect.DelegatingMethodAccessorImpl.invoke(DelegatingMethodAccessorImpl.java:43)
at java.base/java.lang.reflect.Method.invoke(Method.java:568)
at org.openqa.selenium.support.events.EventFiringWebDriver.lambda$new$0(EventFiringWebDriver.java:94)
at jdk.proxy2/jdk.proxy2.$Proxy13.onException(Unknown Source)
at org.openqa.selenium.support.events.EventFiringWebDriver.lambda$new$1(EventFiringWebDriver.java:117)
at jdk.proxy2/jdk.proxy2.$Proxy14.getScreenshotAs(Unknown Source)
at org.openqa.selenium.support.events.EventFiringWebDriver.getScreenshotAs(EventFiringWebDriver.java:312)
at com.crm.qa.util.TestUtil.takeScreenshotAtEndOfTest(TestUtil.java:63)
at com.crm.qa.util.WebEventListener.onException(WebEventListener.java:68)
at jdk.internal.reflect.GeneratedMethodAccessor5.invoke(Unknown Source)
at java.base/jdk.internal.reflect.DelegatingMethodAccessorImpl.invoke(DelegatingMethodAccessorImpl.java:43)
at java.base/java.lang.reflect.Method.invoke(Method.java:568)
at org.openqa.selenium.support.events.EventFiringWebDriver.lambda$new$0(EventFiringWebDriver.java:94)
at jdk.proxy2/jdk.proxy2.$Proxy13.onException(Unknown Source)
at org.openqa.selenium.support.events.EventFiringWebDriver.lambda$new$1(EventFiringWebDriver.java:117)
at jdk.proxy2/jdk.proxy2.$Proxy14.getScreenshotAs(Unknown Source)
at org.openqa.selenium.support.events.EventFiringWebDriver.getScreenshotAs(EventFiringWebDriver.java:312)
at com.crm.qa.util.TestUtil.takeScreenshotAtEndOfTest(TestUtil.java:63)
at com.crm.qa.util.WebEventListener.onException(WebEventListener.java:68)
at jdk.internal.reflect.GeneratedMethodAccessor5.invoke(Unknown Source)
at java.base/jdk.internal.reflect.DelegatingMethodAccessorImpl.invoke(DelegatingMethodAccessorImpl.java:43)
at java.base/java.lang.reflect.Method.invoke(Method.java:568)
at org.openqa.selenium.support.events.EventFiringWebDriver.lambda$new$0(EventFiringWebDriver.java:94)
at jdk.proxy2/jdk.proxy2.$Proxy13.onException(Unknown Source)
at org.openqa.selenium.support.events.EventFiringWebDriver.lambda$new$1(EventFiringWebDriver.java:117)
at jdk.proxy2/jdk.proxy2.$Proxy14.getScreenshotAs(Unknown Source)
at org.openqa.selenium.support.events.EventFiringWebDriver.getScreenshotAs(EventFiringWebDriver.java:312)
at com.crm.qa.util.TestUtil.takeScreenshotAtEndOfTest(TestUtil.java:63)
at com.crm.qa.util.WebEventListener.onException(WebEventListener.java:68)
at jdk.internal.reflect.GeneratedMethodAccessor5.invoke(Unknown Source)
at java.base/jdk.internal.reflect.DelegatingMethodAccessorImpl.invoke(DelegatingMethodAccessorImpl.java:43)
at java.base/java.lang.reflect.Method.invoke(Method.java:568)
at org.openqa.selenium.support.events.EventFiringWebDriver.lambda$new$0(EventFiringWebDriver.java:94)
at jdk.proxy2/jdk.proxy2.$Proxy13.onException(Unknown Source)
at org.openqa.selenium.support.events.EventFiringWebDriver.lambda$new$1(EventFiringWebDriver.java:117)
at jdk.proxy2/jdk.proxy2.$Proxy14.getScreenshotAs(Unknown Source)
at org.openqa.selenium.support.events.EventFiringWebDriver.getScreenshotAs(EventFiringWebDriver.java:312)
at com.crm.qa.util.TestUtil.takeScreenshotAtEndOfTest(TestUtil.java:63)
at com.crm.qa.util.WebEventListener.onException(WebEventListener.java:68)
at jdk.internal.reflect.GeneratedMethodAccessor5.invoke(Unknown Source)
at java.base/jdk.internal.reflect.DelegatingMethodAccessorImpl.invoke(DelegatingMethodAccessorImpl.java:43)
at java.base/java.lang.reflect.Method.invoke(Method.java:568)
at org.openqa.selenium.support.events.EventFiringWebDriver.lambda$new$0(EventFiringWebDriver.java:94)
at jdk.proxy2/jdk.proxy2.$Proxy13.onException(Unknown Source)
at org.openqa.selenium.support.events.EventFiringWebDriver.lambda$new$1(EventFiringWebDriver.java:117)
at jdk.proxy2/jdk.proxy2.$Proxy14.getScreenshotAs(Unknown Source)
at org.openqa.selenium.support.events.EventFiringWebDriver.getScreenshotAs(EventFiringWebDriver.java:312)
at com.crm.qa.util.TestUtil.takeScreenshotAtEndOfTest(TestUtil.java:63)
at com.crm.qa.util.WebEventListener.onException(WebEventListener.java:68)
at jdk.internal.reflect.GeneratedMethodAccessor5.invoke(Unknown Source)
at java.base/jdk.internal.reflect.DelegatingMethodAccessorImpl.invoke(DelegatingMethodAccessorImpl.java:43)
at java.base/java.lang.reflect.Method.invoke(Method.java:568)
at org.openqa.selenium.support.events.EventFiringWebDriver.lambda$new$0(EventFiringWebDriver.java:94)
at jdk.proxy2/jdk.proxy2.$Proxy13.onException(Unknown Source)
at org.openqa.selenium.support.events.EventFiringWebDriver.lambda$new$1(EventFiringWebDriver.java:117)
at jdk.proxy2/jdk.proxy2.$Proxy14.getScreenshotAs(Unknown Source)
at org.openqa.selenium.support.events.EventFiringWebDriver.getScreenshotAs(EventFiringWebDriver.java:312)
at com.crm.qa.util.TestUtil.takeScreenshotAtEndOfTest(TestUtil.java:63)
at com.crm.qa.util.WebEventListener.onException(WebEventListener.java:68)
at jdk.internal.reflect.GeneratedMethodAccessor5.invoke(Unknown Source)
at java.base/jdk.internal.reflect.DelegatingMethodAccessorImpl.invoke(DelegatingMethodAccessorImpl.java:43)
at java.base/java.lang.reflect.Method.invoke(Method.java:568)
at org.openqa.selenium.support.events.EventFiringWebDriver.lambda$new$0(EventFiringWebDriver.java:94)
at jdk.proxy2/jdk.proxy2.$Proxy13.onException(Unknown Source)
at org.openqa.selenium.support.events.EventFiringWebDriver.lambda$new$1(EventFiringWebDriver.java:117)
at jdk.proxy2/jdk.proxy2.$Proxy14.getScreenshotAs(Unknown Source)
at org.openqa.selenium.support.events.EventFiringWebDriver.getScreenshotAs(EventFiringWebDriver.java:312)
at com.crm.qa.util.TestUtil.takeScreenshotAtEndOfTest(TestUtil.java:63)
at com.crm.qa.util.WebEventListener.onException(WebEventListener.java:68)
at jdk.internal.reflect.GeneratedMethodAccessor5.invoke(Unknown Source)
at java.base/jdk.internal.reflect.DelegatingMethodAccessorImpl.invoke(DelegatingMethodAccessorImpl.java:43)
at java.base/java.lang.reflect.Method.invoke(Method.java:568)
at org.openqa.selenium.support.events.EventFiringWebDriver.lambda$new$0(EventFiringWebDriver.java:94)
at jdk.proxy2/jdk.proxy2.$Proxy13.onException(Unknown Source)
at org.openqa.selenium.support.events.EventFiringWebDriver.lambda$new$1(EventFiringWebDriver.java:117)
at jdk.proxy2/jdk.proxy2.$Proxy14.getScreenshotAs(Unknown Source)
at org.openqa.selenium.support.events.EventFiringWebDriver.getScreenshotAs(EventFiringWebDriver.java:312)
at com.crm.qa.util.TestUtil.takeScreenshotAtEndOfTest(TestUtil.java:63)
at com.crm.qa.util.WebEventListener.onException(WebEventListener.java:68)
at jdk.internal.reflect.GeneratedMethodAccessor5.invoke(Unknown Source)
at java.base/jdk.internal.reflect.DelegatingMethodAccessorImpl.invoke(DelegatingMethodAccessorImpl.java:43)
at java.base/java.lang.reflect.Method.invoke(Method.java:568)
at org.openqa.selenium.support.events.EventFiringWebDriver.lambda$new$0(EventFiringWebDriver.java:94)
at jdk.proxy2/jdk.proxy2.$Proxy13.onException(Unknown Source)
at org.openqa.selenium.support.events.EventFiringWebDriver.lambda$new$1(EventFiringWebDriver.java:117)
at jdk.proxy2/jdk.proxy2.$Proxy14.getScreenshotAs(Unknown Source)
at org.openqa.selenium.support.events.EventFiringWebDriver.getScreenshotAs(EventFiringWebDriver.java:312)
at com.crm.qa.util.TestUtil.takeScreenshotAtEndOfTest(TestUtil.java:63)
at com.crm.qa.util.WebEventListener.onException(WebEventListener.java:68)
at jdk.internal.reflect.GeneratedMethodAccessor5.invoke(Unknown Source)
at java.base/jdk.internal.reflect.DelegatingMethodAccessorImpl.invoke(DelegatingMethodAccessorImpl.java:43)
at java.base/java.lang.reflect.Method.invoke(Method.java:568)
at org.openqa.selenium.support.events.EventFiringWebDriver.lambda$new$0(EventFiringWebDriver.java:94)
at jdk.proxy2/jdk.proxy2.$Proxy13.onException(Unknown Source)
at org.openqa.selenium.support.events.EventFiringWebDriver.lambda$new$1(EventFiringWebDriver.java:117)
at jdk.proxy2/jdk.proxy2.$Proxy14.getScreenshotAs(Unknown Source)
at org.openqa.selenium.support.events.EventFiringWebDriver.getScreenshotAs(EventFiringWebDriver.java:312)
at com.crm.qa.util.TestUtil.takeScreenshotAtEndOfTest(TestUtil.java:63)
at com.crm.qa.util.WebEventListener.onException(WebEventListener.java:68)
at jdk.internal.reflect.GeneratedMethodAccessor5.invoke(Unknown Source)
at java.base/jdk.internal.reflect.DelegatingMethodAccessorImpl.invoke(DelegatingMethodAccessorImpl.java:43)
at java.base/java.lang.reflect.Method.invoke(Method.java:568)
at org.openqa.selenium.support.events.EventFiringWebDriver.lambda$new$0(EventFiringWebDriver.java:94)
at jdk.proxy2/jdk.proxy2.$Proxy13.onException(Unknown Source)
at org.openqa.selenium.support.events.EventFiringWebDriver.lambda$new$1(EventFiringWebDriver.java:117)
at jdk.proxy2/jdk.proxy2.$Proxy14.getScreenshotAs(Unknown Source)
at org.openqa.selenium.support.events.EventFiringWebDriver.getScreenshotAs(EventFiringWebDriver.java:312)
at com.crm.qa.util.TestUtil.takeScreenshotAtEndOfTest(TestUtil.java:63)
at com.crm.qa.util.WebEventListener.onException(WebEventListener.java:68)
at jdk.internal.reflect.GeneratedMethodAccessor5.invoke(Unknown Source)
at java.base/jdk.internal.reflect.DelegatingMethodAccessorImpl.invoke(DelegatingMethodAccessorImpl.java:43)
at java.base/java.lang.reflect.Method.invoke(Method.java:568)
at org.openqa.selenium.support.events.EventFiringWebDriver.lambda$new$0(EventFiringWebDriver.java:94)
at jdk.proxy2/jdk.proxy2.$Proxy13.onException(Unknown Source)
at org.openqa.selenium.support.events.EventFiringWebDriver.lambda$new$1(EventFiringWebDriver.java:117)
at jdk.proxy2/jdk.proxy2.$Proxy14.getScreenshotAs(Unknown Source)
at org.openqa.selenium.support.events.EventFiringWebDriver.getScreenshotAs(EventFiringWebDriver.java:312)
at com.crm.qa.util.TestUtil.takeScreenshotAtEndOfTest(TestUtil.java:63)
at com.crm.qa.util.WebEventListener.onException(WebEventListener.java:68)
at jdk.internal.reflect.GeneratedMethodAccessor5.invoke(Unknown Source)
at java.base/jdk.internal.reflect.DelegatingMethodAccessorImpl.invoke(DelegatingMethodAccessorImpl.java:43)
at java.base/java.lang.reflect.Method.invoke(Method.java:568)
at org.openqa.selenium.support.events.EventFiringWebDriver.lambda$new$0(EventFiringWebDriver.java:94)
at jdk.proxy2/jdk.proxy2.$Proxy13.onException(Unknown Source)
at org.openqa.selenium.support.events.EventFiringWebDriver.lambda$new$1(EventFiringWebDriver.java:117)
at jdk.proxy2/jdk.proxy2.$Proxy14.getScreenshotAs(Unknown Source)
at org.openqa.selenium.support.events.EventFiringWebDriver.getScreenshotAs(EventFiringWebDriver.java:312)
at com.crm.qa.util.TestUtil.takeScreenshotAtEndOfTest(TestUtil.java:63)
at com.crm.qa.util.WebEventListener.onException(WebEventListener.java:68)
at jdk.internal.reflect.GeneratedMethodAccessor5.invoke(Unknown Source)
at java.base/jdk.internal.reflect.DelegatingMethodAccessorImpl.invoke(DelegatingMethodAccessorImpl.java:43)
at java.base/java.lang.reflect.Method.invoke(Method.java:568)
at org.openqa.selenium.support.events.EventFiringWebDriver.lambda$new$0(EventFiringWebDriver.java:94)
at jdk.proxy2/jdk.proxy2.$Proxy13.onException(Unknown Source)
at org.openqa.selenium.support.events.EventFiringWebDriver.lambda$new$1(EventFiringWebDriver.java:117)
at jdk.proxy2/jdk.proxy2.$Proxy14.getScreenshotAs(Unknown Source)
at org.openqa.selenium.support.events.EventFiringWebDriver.getScreenshotAs(EventFiringWebDriver.java:312)
at com.crm.qa.util.TestUtil.takeScreenshotAtEndOfTest(TestUtil.java:63)
at com.crm.qa.util.WebEventListener.onException(WebEventListener.java:68)
at jdk.internal.reflect.GeneratedMethodAccessor5.invoke(Unknown Source)
at java.base/jdk.internal.reflect.DelegatingMethodAccessorImpl.invoke(DelegatingMethodAccessorImpl.java:43)
at java.base/java.lang.reflect.Method.invoke(Method.java:568)
at org.openqa.selenium.support.events.EventFiringWebDriver.lambda$new$0(EventFiringWebDriver.java:94)
at jdk.proxy2/jdk.proxy2.$Proxy13.onException(Unknown Source)
at org.openqa.selenium.support.events.EventFiringWebDriver.lambda$new$1(EventFiringWebDriver.java:117)
at jdk.proxy2/jdk.proxy2.$Proxy14.getScreenshotAs(Unknown Source)
at org.openqa.selenium.support.events.EventFiringWebDriver.getScreenshotAs(EventFiringWebDriver.java:312)
at com.crm.qa.util.TestUtil.takeScreenshotAtEndOfTest(TestUtil.java:63)
at com.crm.qa.util.WebEventListener.onException(WebEventListener.java:68)
at jdk.internal.reflect.GeneratedMethodAccessor5.invoke(Unknown Source)
at java.base/jdk.internal.reflect.DelegatingMethodAccessorImpl.invoke(DelegatingMethodAccessorImpl.java:43)
at java.base/java.lang.reflect.Method.invoke(Method.java:568)
at org.openqa.selenium.support.events.EventFiringWebDriver.lambda$new$0(EventFiringWebDriver.java:94)
at jdk.proxy2/jdk.proxy2.$Proxy13.onException(Unknown Source)
at org.openqa.selenium.support.events.EventFiringWebDriver.lambda$new$1(EventFiringWebDriver.java:117)
at jdk.proxy2/jdk.proxy2.$Proxy14.getScreenshotAs(Unknown Source)
at org.openqa.selenium.support.events.EventFiringWebDriver.getScreenshotAs(EventFiringWebDriver.java:312)
at com.crm.qa.util.TestUtil.takeScreenshotAtEndOfTest(TestUtil.java:63)
at com.crm.qa.util.WebEventListener.onException(WebEventListener.java:68)
at jdk.internal.reflect.GeneratedMethodAccessor5.invoke(Unknown Source)
at java.base/jdk.internal.reflect.DelegatingMethodAccessorImpl.invoke(DelegatingMethodAccessorImpl.java:43)
at java.base/java.lang.reflect.Method.invoke(Method.java:568)
at org.openqa.selenium.support.events.EventFiringWebDriver.lambda$new$0(EventFiringWebDriver.java:94)
at jdk.proxy2/jdk.proxy2.$Proxy13.onException(Unknown Source)
at org.openqa.selenium.support.events.EventFiringWebDriver.lambda$new$1(EventFiringWebDriver.java:117)
at jdk.proxy2/jdk.proxy2.$Proxy14.getScreenshotAs(Unknown Source)
at org.openqa.selenium.support.events.EventFiringWebDriver.getScreenshotAs(EventFiringWebDriver.java:312)
at com.crm.qa.util.TestUtil.takeScreenshotAtEndOfTest(TestUtil.java:63)
at com.crm.qa.util.WebEventListener.onException(WebEventListener.java:68)
at jdk.internal.reflect.GeneratedMethodAccessor5.invoke(Unknown Source)
at java.base/jdk.internal.reflect.DelegatingMethodAccessorImpl.invoke(DelegatingMethodAccessorImpl.java:43)
at java.base/java.lang.reflect.Method.invoke(Method.java:568)
at org.openqa.selenium.support.events.EventFiringWebDriver.lambda$new$0(EventFiringWebDriver.java:94)
at jdk.proxy2/jdk.proxy2.$Proxy13.onException(Unknown Source)
at org.openqa.selenium.support.events.EventFiringWebDriver.lambda$new$1(EventFiringWebDriver.java:117)
at jdk.proxy2/jdk.proxy2.$Proxy14.getScreenshotAs(Unknown Source)
at org.openqa.selenium.support.events.EventFiringWebDriver.getScreenshotAs(EventFiringWebDriver.java:312)
at com.crm.qa.util.TestUtil.takeScreenshotAtEndOfTest(TestUtil.java:63)
at com.crm.qa.util.WebEventListener.onException(WebEventListener.java:68)
at jdk.internal.reflect.GeneratedMethodAccessor5.invoke(Unknown Source)
at java.base/jdk.internal.reflect.DelegatingMethodAccessorImpl.invoke(DelegatingMethodAccessorImpl.java:43)
at java.base/java.lang.reflect.Method.invoke(Method.java:568)
at org.openqa.selenium.support.events.EventFiringWebDriver.lambda$new$0(EventFiringWebDriver.java:94)
at jdk.proxy2/jdk.proxy2.$Proxy13.onException(Unknown Source)
at org.openqa.selenium.support.events.EventFiringWebDriver.lambda$new$1(EventFiringWebDriver.java:117)
at jdk.proxy2/jdk.proxy2.$Proxy14.getScreenshotAs(Unknown Source)
at org.openqa.selenium.support.events.EventFiringWebDriver.getScreenshotAs(EventFiringWebDriver.java:312)
at com.crm.qa.util.TestUtil.takeScreenshotAtEndOfTest(TestUtil.java:63)
at com.crm.qa.util.WebEventListener.onException(WebEventListener.java:68)
at jdk.internal.reflect.GeneratedMethodAccessor5.invoke(Unknown Source)
at java.base/jdk.internal.reflect.DelegatingMethodAccessorImpl.invoke(DelegatingMethodAccessorImpl.java:43)
at java.base/java.lang.reflect.Method.invoke(Method.java:568)
at org.openqa.selenium.support.events.EventFiringWebDriver.lambda$new$0(EventFiringWebDriver.java:94)
at jdk.proxy2/jdk.proxy2.$Proxy13.onException(Unknown Source)
at org.openqa.selenium.support.events.EventFiringWebDriver.lambda$new$1(EventFiringWebDriver.java:117)
at jdk.proxy2/jdk.proxy2.$Proxy14.getScreenshotAs(Unknown Source)
at org.openqa.selenium.support.events.EventFiringWebDriver.getScreenshotAs(EventFiringWebDriver.java:312)
at com.crm.qa.util.TestUtil.takeScreenshotAtEndOfTest(TestUtil.java:63)
at com.crm.qa.util.WebEventListener.onException(WebEventListener.java:68)
at jdk.internal.reflect.GeneratedMethodAccessor5.invoke(Unknown Source)
at java.base/jdk.internal.reflect.DelegatingMethodAccessorImpl.invoke(DelegatingMethodAccessorImpl.java:43)
at java.base/java.lang.reflect.Method.invoke(Method.java:568)
at org.openqa.selenium.support.events.EventFiringWebDriver.lambda$new$0(EventFiringWebDriver.java:94)
at jdk.proxy2/jdk.proxy2.$Proxy13.onException(Unknown Source)
at org.openqa.selenium.support.events.EventFiringWebDriver.lambda$new$1(EventFiringWebDriver.java:117)
at jdk.proxy2/jdk.proxy2.$Proxy14.getScreenshotAs(Unknown Source)
at org.openqa.selenium.support.events.EventFiringWebDriver.getScreenshotAs(EventFiringWebDriver.java:312)
at com.crm.qa.util.TestUtil.takeScreenshotAtEndOfTest(TestUtil.java:63)
at com.crm.qa.util.WebEventListener.onException(WebEventListener.java:68)
at jdk.internal.reflect.GeneratedMethodAccessor5.invoke(Unknown Source)
at java.base/jdk.internal.reflect.DelegatingMethodAccessorImpl.invoke(DelegatingMethodAccessorImpl.java:43)
at java.base/java.lang.reflect.Method.invoke(Method.java:568)
at org.openqa.selenium.support.events.EventFiringWebDriver.lambda$new$0(EventFiringWebDriver.java:94)
at jdk.proxy2/jdk.proxy2.$Proxy13.onException(Unknown Source)
at org.openqa.selenium.support.events.EventFiringWebDriver.lambda$new$1(EventFiringWebDriver.java:117)
at jdk.proxy2/jdk.proxy2.$Proxy14.getScreenshotAs(Unknown Source)
at org.openqa.selenium.support.events.EventFiringWebDriver.getScreenshotAs(EventFiringWebDriver.java:312)
at com.crm.qa.util.TestUtil.takeScreenshotAtEndOfTest(TestUtil.java:63)
at com.crm.qa.util.WebEventListener.onException(WebEventListener.java:68)
at jdk.internal.reflect.GeneratedMethodAccessor5.invoke(Unknown Source)
at java.base/jdk.internal.reflect.DelegatingMethodAccessorImpl.invoke(DelegatingMethodAccessorImpl.java:43)
at java.base/java.lang.reflect.Method.invoke(Method.java:568)
at org.openqa.selenium.support.events.EventFiringWebDriver.lambda$new$0(EventFiringWebDriver.java:94)
at jdk.proxy2/jdk.proxy2.$Proxy13.onException(Unknown Source)
at org.openqa.selenium.support.events.EventFiringWebDriver.lambda$new$1(EventFiringWebDriver.java:117)
at jdk.proxy2/jdk.proxy2.$Proxy14.getScreenshotAs(Unknown Source)
at org.openqa.selenium.support.events.EventFiringWebDriver.getScreenshotAs(EventFiringWebDriver.java:312)
at com.crm.qa.util.TestUtil.takeScreenshotAtEndOfTest(TestUtil.java:63)
at com.crm.qa.util.WebEventListener.onException(WebEventListener.java:68)
at jdk.internal.reflect.GeneratedMethodAccessor5.invoke(Unknown Source)
at java.base/jdk.internal.reflect.DelegatingMethodAccessorImpl.invoke(DelegatingMethodAccessorImpl.java:43)
at java.base/java.lang.reflect.Method.invoke(Method.java:568)
at org.openqa.selenium.support.events.EventFiringWebDriver.lambda$new$0(EventFiringWebDriver.java:94)
at jdk.proxy2/jdk.proxy2.$Proxy13.onException(Unknown Source)
at org.openqa.selenium.support.events.EventFiringWebDriver.lambda$new$1(EventFiringWebDriver.java:117)
at jdk.proxy2/jdk.proxy2.$Proxy14.getScreenshotAs(Unknown Source)
at org.openqa.selenium.support.events.EventFiringWebDriver.getScreenshotAs(EventFiringWebDriver.java:312)
at com.crm.qa.util.TestUtil.takeScreenshotAtEndOfTest(TestUtil.java:63)
at com.crm.qa.util.WebEventListener.onException(WebEventListener.java:68)
at jdk.internal.reflect.GeneratedMethodAccessor5.invoke(Unknown Source)
at java.base/jdk.internal.reflect.DelegatingMethodAccessorImpl.invoke(DelegatingMethodAccessorImpl.java:43)
at java.base/java.lang.reflect.Method.invoke(Method.java:568)
at org.openqa.selenium.support.events.EventFiringWebDriver.lambda$new$0(EventFiringWebDriver.java:94)
at jdk.proxy2/jdk.proxy2.$Proxy13.onException(Unknown Source)
at org.openqa.selenium.support.events.EventFiringWebDriver.lambda$new$1(EventFiringWebDriver.java:117)
at jdk.proxy2/jdk.proxy2.$Proxy14.getScreenshotAs(Unknown Source)
at org.openqa.selenium.support.events.EventFiringWebDriver.getScreenshotAs(EventFiringWebDriver.java:312)
at com.crm.qa.util.TestUtil.takeScreenshotAtEndOfTest(TestUtil.java:63)
at com.crm.qa.util.WebEventListener.onException(WebEventListener.java:68)
at jdk.internal.reflect.GeneratedMethodAccessor5.invoke(Unknown Source)
at java.base/jdk.internal.reflect.DelegatingMethodAccessorImpl.invoke(DelegatingMethodAccessorImpl.java:43)
at java.base/java.lang.reflect.Method.invoke(Method.java:568)
at org.openqa.selenium.support.events.EventFiringWebDriver.lambda$new$0(EventFiringWebDriver.java:94)
at jdk.proxy2/jdk.proxy2.$Proxy13.onException(Unknown Source)
at org.openqa.selenium.support.events.EventFiringWebDriver.lambda$new$1(EventFiringWebDriver.java:117)
]]>
    </error>
  </testcase> <!-- Agent_take_over_english_user_EN_AR -->
  <system-out/>
</testsuite> <!-- com.crm.qa.AdminTestCases.SupervisorTakeoverUser$AgentTestCases -->
