<?xml version="1.0" encoding="UTF-8"?>
<!-- Generated by org.testng.reporters.JUnitReportReporter -->
<testsuite hostname="DESKTOP-24CC5IF" failures="0" tests="4" name="TestModuels.checkoutTest" time="17.146" errors="0" timestamp="2023-04-27T01:12:02 EET" skipped="0">
  <testcase classname="TestModuels.checkoutTest" name="validateContryCurrency" time="4.704"/>
  <system-out/>
  <testcase classname="TestModuels.checkoutTest" name="validateEgyptLitePackage" time="4.024"/>
  <system-out/>
  <testcase classname="TestModuels.checkoutTest" name="ValidateEgyptClassicPackage" time="4.297"/>
  <system-out/>
  <testcase classname="TestModuels.checkoutTest" name="ValidateEgyptPremiumPackage" time="4.121"/>
  <system-out/>
</testsuite> <!-- TestModuels.checkoutTest -->
