<?xml version="1.0" encoding="UTF-8"?>
<!-- Generated by org.testng.reporters.JUnitReportReporter -->
<testsuite hostname="DESKTOP-24CC5IF" failures="0" tests="1" name="com.crm.qa.AgentTestCases.Add_Delete_Item_Wish_List" time="31.067" errors="0" timestamp="2023-02-13T13:43:00 EET" skipped="0">
  <testcase classname="com.crm.qa.AgentTestCases.Add_Delete_Item_Wish_List" name="User_Add_item_from_product_Page_Details_and_remove_it_from_wish_list_Details" time="31.067"/>
  <system-out/>
</testsuite> <!-- com.crm.qa.AgentTestCases.Add_Delete_Item_Wish_List -->
